{"/home/ericchen/ai-writing-style-assistant/frontend/tailwind.config.js": {"path":"/home/ericchen/ai-writing-style-assistant/frontend/tailwind.config.js","all":true,"statementMap":{"0":{"start":{"line":1,"column":0},"end":{"line":1,"column":31}},"1":{"start":{"line":2,"column":0},"end":{"line":2,"column":16}},"2":{"start":{"line":3,"column":0},"end":{"line":3,"column":58}},"3":{"start":{"line":4,"column":0},"end":{"line":4,"column":1}}},"s":{"0":0,"1":0,"2":0,"3":0},"branchMap":{"0":{"type":"branch","line":1,"loc":{"start":{"line":1,"column":109},"end":{"line":4,"column":1}},"locations":[{"start":{"line":1,"column":109},"end":{"line":4,"column":1}}]}},"b":{"0":[0]},"fnMap":{"0":{"name":"(empty-report)","decl":{"start":{"line":1,"column":109},"end":{"line":4,"column":1}},"loc":{"start":{"line":1,"column":109},"end":{"line":4,"column":1}},"line":1}},"f":{"0":0}}
,"/home/ericchen/ai-writing-style-assistant/frontend/src/App.jsx": {"path":"/home/ericchen/ai-writing-style-assistant/frontend/src/App.jsx","all":true,"statementMap":{"0":{"start":{"line":1,"column":0},"end":{"line":1,"column":44}},"1":{"start":{"line":2,"column":0},"end":{"line":2,"column":26}},"2":{"start":{"line":3,"column":0},"end":{"line":3,"column":55}},"3":{"start":{"line":4,"column":0},"end":{"line":4,"column":52}},"4":{"start":{"line":5,"column":0},"end":{"line":5,"column":52}},"5":{"start":{"line":6,"column":0},"end":{"line":6,"column":60}},"7":{"start":{"line":8,"column":0},"end":{"line":8,"column":16}},"8":{"start":{"line":9,"column":0},"end":{"line":9,"column":114}},"9":{"start":{"line":10,"column":0},"end":{"line":10,"column":59}},"11":{"start":{"line":12,"column":0},"end":{"line":12,"column":39}},"12":{"start":{"line":13,"column":0},"end":{"line":13,"column":9}},"14":{"start":{"line":15,"column":0},"end":{"line":15,"column":98}},"16":{"start":{"line":17,"column":0},"end":{"line":17,"column":43}},"18":{"start":{"line":19,"column":0},"end":{"line":19,"column":13}},"19":{"start":{"line":20,"column":0},"end":{"line":20,"column":100}},"20":{"start":{"line":21,"column":0},"end":{"line":21,"column":51}},"21":{"start":{"line":22,"column":0},"end":{"line":22,"column":43}},"22":{"start":{"line":23,"column":0},"end":{"line":23,"column":17}},"24":{"start":{"line":25,"column":0},"end":{"line":25,"column":49}},"25":{"start":{"line":26,"column":0},"end":{"line":26,"column":43}},"26":{"start":{"line":27,"column":0},"end":{"line":27,"column":9}},"27":{"start":{"line":28,"column":0},"end":{"line":28,"column":7}},"28":{"start":{"line":29,"column":0},"end":{"line":29,"column":21}},"29":{"start":{"line":30,"column":0},"end":{"line":30,"column":42}},"30":{"start":{"line":31,"column":0},"end":{"line":31,"column":48}},"31":{"start":{"line":32,"column":0},"end":{"line":32,"column":63}},"32":{"start":{"line":33,"column":0},"end":{"line":33,"column":5}},"33":{"start":{"line":34,"column":0},"end":{"line":34,"column":4}},"35":{"start":{"line":36,"column":0},"end":{"line":36,"column":19}},"36":{"start":{"line":37,"column":0},"end":{"line":37,"column":22}},"39":{"start":{"line":40,"column":0},"end":{"line":40,"column":57}},"41":{"start":{"line":42,"column":0},"end":{"line":42,"column":41}},"42":{"start":{"line":43,"column":0},"end":{"line":43,"column":9}},"44":{"start":{"line":45,"column":0},"end":{"line":45,"column":10}},"45":{"start":{"line":46,"column":0},"end":{"line":46,"column":59}},"46":{"start":{"line":47,"column":0},"end":{"line":47,"column":84}},"48":{"start":{"line":49,"column":0},"end":{"line":49,"column":18}},"49":{"start":{"line":50,"column":0},"end":{"line":50,"column":23}},"50":{"start":{"line":51,"column":0},"end":{"line":51,"column":19}},"52":{"start":{"line":53,"column":0},"end":{"line":53,"column":16}},"53":{"start":{"line":54,"column":0},"end":{"line":54,"column":10}},"55":{"start":{"line":56,"column":0},"end":{"line":56,"column":1}},"59":{"start":{"line":60,"column":0},"end":{"line":60,"column":19}}},"s":{"0":0,"1":0,"2":0,"3":0,"4":0,"5":0,"7":0,"8":0,"9":0,"11":0,"12":0,"14":0,"16":0,"18":0,"19":0,"20":0,"21":0,"22":0,"24":0,"25":0,"26":0,"27":0,"28":0,"29":0,"30":0,"31":0,"32":0,"33":0,"35":0,"36":0,"39":0,"41":0,"42":0,"44":0,"45":0,"46":0,"48":0,"49":0,"50":0,"52":0,"53":0,"55":0,"59":0},"branchMap":{"0":{"type":"branch","line":1,"loc":{"start":{"line":1,"column":1871},"end":{"line":60,"column":19}},"locations":[{"start":{"line":1,"column":1871},"end":{"line":60,"column":19}}]}},"b":{"0":[0]},"fnMap":{"0":{"name":"(empty-report)","decl":{"start":{"line":1,"column":1871},"end":{"line":60,"column":19}},"loc":{"start":{"line":1,"column":1871},"end":{"line":60,"column":19}},"line":1}},"f":{"0":0}}
,"/home/ericchen/ai-writing-style-assistant/frontend/src/main.jsx": {"path":"/home/ericchen/ai-writing-style-assistant/frontend/src/main.jsx","all":true,"statementMap":{"0":{"start":{"line":1,"column":0},"end":{"line":1,"column":34}},"1":{"start":{"line":2,"column":0},"end":{"line":2,"column":45}},"2":{"start":{"line":3,"column":0},"end":{"line":3,"column":27}},"3":{"start":{"line":4,"column":0},"end":{"line":4,"column":20}},"5":{"start":{"line":6,"column":0},"end":{"line":6,"column":51}},"6":{"start":{"line":7,"column":0},"end":{"line":7,"column":14}},"7":{"start":{"line":8,"column":0},"end":{"line":8,"column":11}},"8":{"start":{"line":9,"column":0},"end":{"line":9,"column":16}},"9":{"start":{"line":10,"column":0},"end":{"line":10,"column":1}}},"s":{"0":0,"1":0,"2":0,"3":0,"5":0,"6":0,"7":0,"8":0,"9":0},"branchMap":{"0":{"type":"branch","line":1,"loc":{"start":{"line":1,"column":0},"end":{"line":10,"column":-119}},"locations":[{"start":{"line":1,"column":0},"end":{"line":10,"column":-119}}]}},"b":{"0":[0]},"fnMap":{"0":{"name":"(empty-report)","decl":{"start":{"line":1,"column":0},"end":{"line":10,"column":-119}},"loc":{"start":{"line":1,"column":0},"end":{"line":10,"column":-119}},"line":1}},"f":{"0":0}}
,"/home/ericchen/ai-writing-style-assistant/frontend/src/components/RephraseApp.jsx": {"path":"/home/ericchen/ai-writing-style-assistant/frontend/src/components/RephraseApp.jsx","all":true,"statementMap":{"3":{"start":{"line":4,"column":0},"end":{"line":4,"column":55}},"4":{"start":{"line":5,"column":0},"end":{"line":5,"column":59}},"5":{"start":{"line":6,"column":0},"end":{"line":6,"column":51}},"7":{"start":{"line":8,"column":0},"end":{"line":8,"column":31}},"8":{"start":{"line":9,"column":0},"end":{"line":9,"column":11}},"10":{"start":{"line":11,"column":0},"end":{"line":11,"column":14}},"11":{"start":{"line":12,"column":0},"end":{"line":12,"column":17}},"12":{"start":{"line":13,"column":0},"end":{"line":13,"column":15}},"13":{"start":{"line":14,"column":0},"end":{"line":14,"column":14}},"14":{"start":{"line":15,"column":0},"end":{"line":15,"column":24}},"15":{"start":{"line":16,"column":0},"end":{"line":16,"column":27}},"16":{"start":{"line":17,"column":0},"end":{"line":17,"column":28}},"17":{"start":{"line":18,"column":0},"end":{"line":18,"column":24}},"20":{"start":{"line":21,"column":0},"end":{"line":21,"column":18}},"21":{"start":{"line":22,"column":0},"end":{"line":22,"column":17}},"24":{"start":{"line":25,"column":0},"end":{"line":25,"column":17}},"25":{"start":{"line":26,"column":0},"end":{"line":26,"column":20}},"26":{"start":{"line":27,"column":0},"end":{"line":27,"column":22}},"28":{"start":{"line":29,"column":0},"end":{"line":29,"column":12}},"29":{"start":{"line":30,"column":0},"end":{"line":30,"column":38}},"31":{"start":{"line":32,"column":0},"end":{"line":32,"column":42}},"32":{"start":{"line":33,"column":0},"end":{"line":33,"column":46}},"33":{"start":{"line":34,"column":0},"end":{"line":34,"column":48}},"34":{"start":{"line":35,"column":0},"end":{"line":35,"column":75}},"35":{"start":{"line":36,"column":0},"end":{"line":36,"column":26}},"36":{"start":{"line":37,"column":0},"end":{"line":37,"column":47}},"38":{"start":{"line":39,"column":0},"end":{"line":39,"column":74}},"39":{"start":{"line":40,"column":0},"end":{"line":40,"column":25}},"40":{"start":{"line":41,"column":0},"end":{"line":41,"column":52}},"43":{"start":{"line":44,"column":0},"end":{"line":44,"column":24}},"46":{"start":{"line":47,"column":0},"end":{"line":47,"column":48}},"47":{"start":{"line":48,"column":0},"end":{"line":48,"column":51}},"48":{"start":{"line":49,"column":0},"end":{"line":49,"column":66}},"49":{"start":{"line":50,"column":0},"end":{"line":50,"column":78}},"50":{"start":{"line":51,"column":0},"end":{"line":51,"column":30}},"51":{"start":{"line":52,"column":0},"end":{"line":52,"column":51}},"52":{"start":{"line":53,"column":0},"end":{"line":53,"column":66}},"53":{"start":{"line":54,"column":0},"end":{"line":54,"column":79}},"54":{"start":{"line":55,"column":0},"end":{"line":55,"column":30}},"55":{"start":{"line":56,"column":0},"end":{"line":56,"column":51}},"56":{"start":{"line":57,"column":0},"end":{"line":57,"column":67}},"57":{"start":{"line":58,"column":0},"end":{"line":58,"column":76}},"58":{"start":{"line":59,"column":0},"end":{"line":59,"column":30}},"59":{"start":{"line":60,"column":0},"end":{"line":60,"column":26}},"60":{"start":{"line":61,"column":0},"end":{"line":61,"column":22}},"63":{"start":{"line":64,"column":0},"end":{"line":64,"column":49}},"64":{"start":{"line":65,"column":0},"end":{"line":65,"column":33}},"65":{"start":{"line":66,"column":0},"end":{"line":66,"column":37}},"66":{"start":{"line":67,"column":0},"end":{"line":67,"column":43}},"67":{"start":{"line":68,"column":0},"end":{"line":68,"column":57}},"68":{"start":{"line":69,"column":0},"end":{"line":69,"column":63}},"69":{"start":{"line":70,"column":0},"end":{"line":70,"column":45}},"70":{"start":{"line":71,"column":0},"end":{"line":71,"column":43}},"71":{"start":{"line":72,"column":0},"end":{"line":72,"column":51}},"72":{"start":{"line":73,"column":0},"end":{"line":73,"column":43}},"73":{"start":{"line":74,"column":0},"end":{"line":74,"column":22}},"74":{"start":{"line":75,"column":0},"end":{"line":75,"column":22}},"75":{"start":{"line":76,"column":0},"end":{"line":76,"column":18}},"78":{"start":{"line":79,"column":0},"end":{"line":79,"column":27}},"79":{"start":{"line":80,"column":0},"end":{"line":80,"column":49}},"80":{"start":{"line":81,"column":0},"end":{"line":81,"column":31}},"81":{"start":{"line":82,"column":0},"end":{"line":82,"column":49}},"82":{"start":{"line":83,"column":0},"end":{"line":83,"column":57}},"83":{"start":{"line":84,"column":0},"end":{"line":84,"column":29}},"84":{"start":{"line":85,"column":0},"end":{"line":85,"column":14}},"85":{"start":{"line":86,"column":0},"end":{"line":86,"column":14}},"87":{"start":{"line":88,"column":0},"end":{"line":88,"column":1}},"89":{"start":{"line":90,"column":0},"end":{"line":90,"column":27}}},"s":{"3":0,"4":0,"5":0,"7":0,"8":0,"10":0,"11":0,"12":0,"13":0,"14":0,"15":0,"16":0,"17":0,"20":0,"21":0,"24":0,"25":0,"26":0,"28":0,"29":0,"31":0,"32":0,"33":0,"34":0,"35":0,"36":0,"38":0,"39":0,"40":0,"43":0,"46":0,"47":0,"48":0,"49":0,"50":0,"51":0,"52":0,"53":0,"54":0,"55":0,"56":0,"57":0,"58":0,"59":0,"60":0,"63":0,"64":0,"65":0,"66":0,"67":0,"68":0,"69":0,"70":0,"71":0,"72":0,"73":0,"74":0,"75":0,"78":0,"79":0,"80":0,"81":0,"82":0,"83":0,"84":0,"85":0,"87":0,"89":0},"branchMap":{"0":{"type":"branch","line":1,"loc":{"start":{"line":1,"column":3205},"end":{"line":90,"column":27}},"locations":[{"start":{"line":1,"column":3205},"end":{"line":90,"column":27}}]}},"b":{"0":[1]},"fnMap":{"0":{"name":"(empty-report)","decl":{"start":{"line":1,"column":3205},"end":{"line":90,"column":27}},"loc":{"start":{"line":1,"column":3205},"end":{"line":90,"column":27}},"line":1}},"f":{"0":1}}
,"/home/ericchen/ai-writing-style-assistant/frontend/src/components/index.js": {"path":"/home/ericchen/ai-writing-style-assistant/frontend/src/components/index.js","all":true,"statementMap":{"0":{"start":{"line":1,"column":0},"end":{"line":1,"column":20}},"1":{"start":{"line":2,"column":0},"end":{"line":2,"column":41}},"3":{"start":{"line":4,"column":0},"end":{"line":4,"column":21}},"4":{"start":{"line":5,"column":0},"end":{"line":5,"column":44}},"6":{"start":{"line":7,"column":0},"end":{"line":7,"column":20}},"7":{"start":{"line":8,"column":0},"end":{"line":8,"column":49}},"9":{"start":{"line":10,"column":0},"end":{"line":10,"column":21}},"10":{"start":{"line":11,"column":0},"end":{"line":11,"column":55}},"11":{"start":{"line":12,"column":0},"end":{"line":12,"column":59}},"13":{"start":{"line":14,"column":0},"end":{"line":14,"column":16}},"14":{"start":{"line":15,"column":0},"end":{"line":15,"column":37}},"15":{"start":{"line":16,"column":0},"end":{"line":16,"column":33}},"16":{"start":{"line":17,"column":0},"end":{"line":17,"column":51}},"17":{"start":{"line":18,"column":0},"end":{"line":18,"column":37}},"19":{"start":{"line":20,"column":0},"end":{"line":20,"column":8}},"20":{"start":{"line":21,"column":0},"end":{"line":21,"column":51}},"22":{"start":{"line":23,"column":0},"end":{"line":23,"column":8}},"23":{"start":{"line":24,"column":0},"end":{"line":24,"column":40}}},"s":{"0":0,"1":0,"3":0,"4":0,"6":0,"7":0,"9":0,"10":0,"11":0,"13":0,"14":0,"15":0,"16":0,"17":0,"19":0,"20":0,"22":0,"23":0},"branchMap":{"0":{"type":"branch","line":1,"loc":{"start":{"line":1,"column":634},"end":{"line":24,"column":40}},"locations":[{"start":{"line":1,"column":634},"end":{"line":24,"column":40}}]}},"b":{"0":[0]},"fnMap":{"0":{"name":"(empty-report)","decl":{"start":{"line":1,"column":634},"end":{"line":24,"column":40}},"loc":{"start":{"line":1,"column":634},"end":{"line":24,"column":40}},"line":1}},"f":{"0":0}}
,"/home/ericchen/ai-writing-style-assistant/frontend/src/components/features/InputSection.jsx": {"path":"/home/ericchen/ai-writing-style-assistant/frontend/src/components/features/InputSection.jsx","all":false,"statementMap":{"3":{"start":{"line":4,"column":0},"end":{"line":4,"column":38}},"4":{"start":{"line":5,"column":0},"end":{"line":5,"column":38}},"6":{"start":{"line":7,"column":0},"end":{"line":7,"column":31}},"7":{"start":{"line":8,"column":0},"end":{"line":8,"column":11}},"8":{"start":{"line":9,"column":0},"end":{"line":9,"column":14}},"9":{"start":{"line":10,"column":0},"end":{"line":10,"column":21}},"10":{"start":{"line":11,"column":0},"end":{"line":11,"column":24}},"11":{"start":{"line":12,"column":0},"end":{"line":12,"column":15}},"12":{"start":{"line":13,"column":0},"end":{"line":13,"column":14}},"13":{"start":{"line":14,"column":0},"end":{"line":14,"column":18}},"14":{"start":{"line":15,"column":0},"end":{"line":15,"column":13}},"15":{"start":{"line":16,"column":0},"end":{"line":16,"column":4}},"16":{"start":{"line":17,"column":0},"end":{"line":17,"column":12}},"17":{"start":{"line":18,"column":0},"end":{"line":18,"column":35}},"19":{"start":{"line":20,"column":0},"end":{"line":20,"column":19}},"20":{"start":{"line":21,"column":0},"end":{"line":21,"column":41}},"21":{"start":{"line":22,"column":0},"end":{"line":22,"column":45}},"22":{"start":{"line":23,"column":0},"end":{"line":23,"column":39}},"23":{"start":{"line":24,"column":0},"end":{"line":24,"column":34}},"24":{"start":{"line":25,"column":0},"end":{"line":25,"column":38}},"25":{"start":{"line":26,"column":0},"end":{"line":26,"column":45}},"26":{"start":{"line":27,"column":0},"end":{"line":27,"column":83}},"27":{"start":{"line":28,"column":0},"end":{"line":28,"column":81}},"28":{"start":{"line":29,"column":0},"end":{"line":29,"column":17}},"30":{"start":{"line":31,"column":0},"end":{"line":31,"column":14}},"33":{"start":{"line":34,"column":0},"end":{"line":34,"column":39}},"34":{"start":{"line":35,"column":0},"end":{"line":35,"column":75}},"36":{"start":{"line":37,"column":0},"end":{"line":37,"column":29}},"37":{"start":{"line":38,"column":0},"end":{"line":38,"column":39}},"38":{"start":{"line":39,"column":0},"end":{"line":39,"column":40}},"39":{"start":{"line":40,"column":0},"end":{"line":40,"column":32}},"40":{"start":{"line":41,"column":0},"end":{"line":41,"column":37}},"41":{"start":{"line":42,"column":0},"end":{"line":42,"column":66}},"42":{"start":{"line":43,"column":0},"end":{"line":43,"column":87}},"43":{"start":{"line":44,"column":0},"end":{"line":44,"column":47}},"44":{"start":{"line":45,"column":0},"end":{"line":45,"column":42}},"45":{"start":{"line":46,"column":0},"end":{"line":46,"column":36}},"52":{"start":{"line":53,"column":0},"end":{"line":53,"column":26}},"53":{"start":{"line":54,"column":0},"end":{"line":54,"column":22}},"54":{"start":{"line":55,"column":0},"end":{"line":55,"column":24}},"55":{"start":{"line":56,"column":0},"end":{"line":56,"column":89}},"56":{"start":{"line":57,"column":0},"end":{"line":57,"column":77}},"57":{"start":{"line":58,"column":0},"end":{"line":58,"column":51}},"58":{"start":{"line":59,"column":0},"end":{"line":59,"column":49}},"59":{"start":{"line":60,"column":0},"end":{"line":60,"column":27}},"60":{"start":{"line":61,"column":0},"end":{"line":61,"column":22}},"61":{"start":{"line":62,"column":0},"end":{"line":62,"column":18}},"64":{"start":{"line":65,"column":0},"end":{"line":65,"column":86}},"65":{"start":{"line":66,"column":0},"end":{"line":66,"column":24}},"66":{"start":{"line":67,"column":0},"end":{"line":67,"column":40}},"67":{"start":{"line":68,"column":0},"end":{"line":68,"column":40}},"68":{"start":{"line":69,"column":0},"end":{"line":69,"column":71}},"69":{"start":{"line":70,"column":0},"end":{"line":70,"column":29}},"70":{"start":{"line":71,"column":0},"end":{"line":71,"column":48}},"72":{"start":{"line":73,"column":0},"end":{"line":73,"column":34}},"73":{"start":{"line":74,"column":0},"end":{"line":74,"column":79}},"74":{"start":{"line":75,"column":0},"end":{"line":75,"column":85}},"76":{"start":{"line":77,"column":0},"end":{"line":77,"column":25}},"78":{"start":{"line":79,"column":0},"end":{"line":79,"column":34}},"79":{"start":{"line":80,"column":0},"end":{"line":80,"column":28}},"80":{"start":{"line":81,"column":0},"end":{"line":81,"column":43}},"81":{"start":{"line":82,"column":0},"end":{"line":82,"column":40}},"82":{"start":{"line":83,"column":0},"end":{"line":83,"column":33}},"83":{"start":{"line":84,"column":0},"end":{"line":84,"column":52}},"84":{"start":{"line":85,"column":0},"end":{"line":85,"column":21}},"86":{"start":{"line":87,"column":0},"end":{"line":87,"column":29}},"89":{"start":{"line":90,"column":0},"end":{"line":90,"column":51}},"90":{"start":{"line":91,"column":0},"end":{"line":91,"column":87}},"91":{"start":{"line":92,"column":0},"end":{"line":92,"column":146}},"92":{"start":{"line":93,"column":0},"end":{"line":93,"column":110}},"94":{"start":{"line":95,"column":0},"end":{"line":95,"column":31}},"95":{"start":{"line":96,"column":0},"end":{"line":96,"column":26}},"96":{"start":{"line":97,"column":0},"end":{"line":97,"column":18}},"97":{"start":{"line":98,"column":0},"end":{"line":98,"column":18}},"98":{"start":{"line":99,"column":0},"end":{"line":99,"column":14}},"100":{"start":{"line":101,"column":0},"end":{"line":101,"column":1}},"102":{"start":{"line":103,"column":0},"end":{"line":103,"column":28}}},"s":{"3":1,"4":1,"6":1,"7":8,"8":8,"9":8,"10":8,"11":8,"12":8,"13":8,"14":8,"15":8,"16":8,"17":8,"19":8,"20":8,"21":8,"22":8,"23":8,"24":8,"25":8,"26":1,"27":7,"28":8,"30":8,"33":8,"34":8,"36":8,"37":8,"38":8,"39":8,"40":8,"41":8,"42":8,"43":8,"44":8,"45":8,"52":8,"53":8,"54":8,"55":8,"56":8,"57":8,"58":8,"59":8,"60":8,"61":8,"64":8,"65":8,"66":8,"67":8,"68":8,"69":8,"70":8,"72":8,"73":3,"74":5,"76":8,"78":8,"79":3,"80":3,"81":3,"82":3,"83":3,"84":3,"86":3,"89":8,"90":2,"91":2,"92":2,"94":2,"95":2,"96":8,"97":8,"98":8,"100":8,"102":1},"branchMap":{"0":{"type":"branch","line":7,"loc":{"start":{"line":7,"column":7},"end":{"line":101,"column":1}},"locations":[{"start":{"line":7,"column":7},"end":{"line":101,"column":1}}]},"1":{"type":"branch","line":26,"loc":{"start":{"line":26,"column":29},"end":{"line":27,"column":83}},"locations":[{"start":{"line":26,"column":29},"end":{"line":27,"column":83}}]},"2":{"type":"branch","line":27,"loc":{"start":{"line":27,"column":22},"end":{"line":28,"column":81}},"locations":[{"start":{"line":27,"column":22},"end":{"line":28,"column":81}}]},"3":{"type":"branch","line":69,"loc":{"start":{"line":69,"column":29},"end":{"line":69,"column":61}},"locations":[{"start":{"line":69,"column":29},"end":{"line":69,"column":61}}]},"4":{"type":"branch","line":69,"loc":{"start":{"line":69,"column":47},"end":{"line":69,"column":71}},"locations":[{"start":{"line":69,"column":47},"end":{"line":69,"column":71}}]},"5":{"type":"branch","line":73,"loc":{"start":{"line":73,"column":21},"end":{"line":74,"column":79}},"locations":[{"start":{"line":73,"column":21},"end":{"line":74,"column":79}}]},"6":{"type":"branch","line":74,"loc":{"start":{"line":74,"column":27},"end":{"line":74,"column":63}},"locations":[{"start":{"line":74,"column":27},"end":{"line":74,"column":63}}]},"7":{"type":"branch","line":74,"loc":{"start":{"line":74,"column":63},"end":{"line":75,"column":85}},"locations":[{"start":{"line":74,"column":63},"end":{"line":75,"column":85}}]},"8":{"type":"branch","line":75,"loc":{"start":{"line":75,"column":27},"end":{"line":75,"column":68}},"locations":[{"start":{"line":75,"column":27},"end":{"line":75,"column":68}}]},"9":{"type":"branch","line":75,"loc":{"start":{"line":75,"column":45},"end":{"line":75,"column":85}},"locations":[{"start":{"line":75,"column":45},"end":{"line":75,"column":85}}]},"10":{"type":"branch","line":79,"loc":{"start":{"line":79,"column":17},"end":{"line":87,"column":29}},"locations":[{"start":{"line":79,"column":17},"end":{"line":87,"column":29}}]},"11":{"type":"branch","line":90,"loc":{"start":{"line":90,"column":18},"end":{"line":90,"column":51}},"locations":[{"start":{"line":90,"column":18},"end":{"line":90,"column":51}}]},"12":{"type":"branch","line":90,"loc":{"start":{"line":90,"column":45},"end":{"line":96,"column":26}},"locations":[{"start":{"line":90,"column":45},"end":{"line":96,"column":26}}]}},"b":{"0":[8],"1":[1],"2":[7],"3":[1],"4":[7],"5":[3],"6":[0],"7":[5],"8":[1],"9":[4],"10":[3],"11":[5],"12":[2]},"fnMap":{"0":{"name":"InputSection","decl":{"start":{"line":7,"column":7},"end":{"line":101,"column":1}},"loc":{"start":{"line":7,"column":7},"end":{"line":101,"column":1}},"line":7},"1":{"name":"onChange","decl":{"start":{"line":42,"column":34},"end":{"line":42,"column":66}},"loc":{"start":{"line":42,"column":34},"end":{"line":42,"column":66}},"line":42}},"f":{"0":8,"1":0}}
,"/home/ericchen/ai-writing-style-assistant/frontend/src/components/features/ResultsSection.jsx": {"path":"/home/ericchen/ai-writing-style-assistant/frontend/src/components/features/ResultsSection.jsx","all":false,"statementMap":{"3":{"start":{"line":4,"column":0},"end":{"line":4,"column":34}},"4":{"start":{"line":5,"column":0},"end":{"line":5,"column":52}},"6":{"start":{"line":7,"column":0},"end":{"line":7,"column":33}},"7":{"start":{"line":8,"column":0},"end":{"line":8,"column":21}},"8":{"start":{"line":9,"column":0},"end":{"line":9,"column":12}},"9":{"start":{"line":10,"column":0},"end":{"line":10,"column":21}},"10":{"start":{"line":11,"column":0},"end":{"line":11,"column":25}},"11":{"start":{"line":12,"column":0},"end":{"line":12,"column":10}},"12":{"start":{"line":13,"column":0},"end":{"line":13,"column":4}},"14":{"start":{"line":15,"column":0},"end":{"line":15,"column":16}},"15":{"start":{"line":16,"column":0},"end":{"line":16,"column":16}},"16":{"start":{"line":17,"column":0},"end":{"line":17,"column":26}},"17":{"start":{"line":18,"column":0},"end":{"line":18,"column":31}},"18":{"start":{"line":19,"column":0},"end":{"line":19,"column":29}},"19":{"start":{"line":20,"column":0},"end":{"line":20,"column":39}},"20":{"start":{"line":21,"column":0},"end":{"line":21,"column":45}},"21":{"start":{"line":22,"column":0},"end":{"line":22,"column":32}},"22":{"start":{"line":23,"column":0},"end":{"line":23,"column":32}},"23":{"start":{"line":24,"column":0},"end":{"line":24,"column":15}},"24":{"start":{"line":25,"column":0},"end":{"line":25,"column":66}},"26":{"start":{"line":27,"column":0},"end":{"line":27,"column":22}},"27":{"start":{"line":28,"column":0},"end":{"line":28,"column":34}},"28":{"start":{"line":29,"column":0},"end":{"line":29,"column":18}},"30":{"start":{"line":31,"column":0},"end":{"line":31,"column":5}},"33":{"start":{"line":34,"column":0},"end":{"line":34,"column":45}},"34":{"start":{"line":35,"column":0},"end":{"line":35,"column":16}},"35":{"start":{"line":36,"column":0},"end":{"line":36,"column":43}},"36":{"start":{"line":37,"column":0},"end":{"line":37,"column":30}},"37":{"start":{"line":38,"column":0},"end":{"line":38,"column":37}},"38":{"start":{"line":39,"column":0},"end":{"line":39,"column":42}},"39":{"start":{"line":40,"column":0},"end":{"line":40,"column":28}},"40":{"start":{"line":41,"column":0},"end":{"line":41,"column":37}},"41":{"start":{"line":42,"column":0},"end":{"line":42,"column":19}},"42":{"start":{"line":43,"column":0},"end":{"line":43,"column":33}},"43":{"start":{"line":44,"column":0},"end":{"line":44,"column":35}},"44":{"start":{"line":45,"column":0},"end":{"line":45,"column":42}},"45":{"start":{"line":46,"column":0},"end":{"line":46,"column":38}},"46":{"start":{"line":47,"column":0},"end":{"line":47,"column":40}},"47":{"start":{"line":48,"column":0},"end":{"line":48,"column":23}},"48":{"start":{"line":49,"column":0},"end":{"line":49,"column":93}},"49":{"start":{"line":50,"column":0},"end":{"line":50,"column":25}},"50":{"start":{"line":51,"column":0},"end":{"line":51,"column":45}},"51":{"start":{"line":52,"column":0},"end":{"line":52,"column":37}},"52":{"start":{"line":53,"column":0},"end":{"line":53,"column":52}},"53":{"start":{"line":54,"column":0},"end":{"line":54,"column":37}},"54":{"start":{"line":55,"column":0},"end":{"line":55,"column":38}},"55":{"start":{"line":56,"column":0},"end":{"line":56,"column":50}},"56":{"start":{"line":57,"column":0},"end":{"line":57,"column":48}},"57":{"start":{"line":58,"column":0},"end":{"line":58,"column":58}},"58":{"start":{"line":59,"column":0},"end":{"line":59,"column":29}},"59":{"start":{"line":60,"column":0},"end":{"line":60,"column":22}},"60":{"start":{"line":61,"column":0},"end":{"line":61,"column":22}},"62":{"start":{"line":63,"column":0},"end":{"line":63,"column":80}},"63":{"start":{"line":64,"column":0},"end":{"line":64,"column":54}},"64":{"start":{"line":65,"column":0},"end":{"line":65,"column":39}},"65":{"start":{"line":66,"column":0},"end":{"line":66,"column":49}},"66":{"start":{"line":67,"column":0},"end":{"line":67,"column":64}},"67":{"start":{"line":68,"column":0},"end":{"line":68,"column":61}},"68":{"start":{"line":69,"column":0},"end":{"line":69,"column":26}},"70":{"start":{"line":71,"column":0},"end":{"line":71,"column":48}},"71":{"start":{"line":72,"column":0},"end":{"line":72,"column":39}},"72":{"start":{"line":73,"column":0},"end":{"line":73,"column":43}},"73":{"start":{"line":74,"column":0},"end":{"line":74,"column":58}},"74":{"start":{"line":75,"column":0},"end":{"line":75,"column":61}},"75":{"start":{"line":76,"column":0},"end":{"line":76,"column":26}},"77":{"start":{"line":78,"column":0},"end":{"line":78,"column":48}},"78":{"start":{"line":79,"column":0},"end":{"line":79,"column":39}},"79":{"start":{"line":80,"column":0},"end":{"line":80,"column":43}},"80":{"start":{"line":81,"column":0},"end":{"line":81,"column":58}},"81":{"start":{"line":82,"column":0},"end":{"line":82,"column":61}},"82":{"start":{"line":83,"column":0},"end":{"line":83,"column":26}},"84":{"start":{"line":85,"column":0},"end":{"line":85,"column":54}},"85":{"start":{"line":86,"column":0},"end":{"line":86,"column":39}},"86":{"start":{"line":87,"column":0},"end":{"line":87,"column":49}},"87":{"start":{"line":88,"column":0},"end":{"line":88,"column":64}},"88":{"start":{"line":89,"column":0},"end":{"line":89,"column":61}},"89":{"start":{"line":90,"column":0},"end":{"line":90,"column":26}},"90":{"start":{"line":91,"column":0},"end":{"line":91,"column":22}},"91":{"start":{"line":92,"column":0},"end":{"line":92,"column":22}},"93":{"start":{"line":94,"column":0},"end":{"line":94,"column":61}},"94":{"start":{"line":95,"column":0},"end":{"line":95,"column":34}},"95":{"start":{"line":96,"column":0},"end":{"line":96,"column":39}},"96":{"start":{"line":97,"column":0},"end":{"line":97,"column":36}},"97":{"start":{"line":98,"column":0},"end":{"line":98,"column":47}},"98":{"start":{"line":99,"column":0},"end":{"line":99,"column":53}},"99":{"start":{"line":100,"column":0},"end":{"line":100,"column":40}},"100":{"start":{"line":101,"column":0},"end":{"line":101,"column":37}},"101":{"start":{"line":102,"column":0},"end":{"line":102,"column":41}},"102":{"start":{"line":103,"column":0},"end":{"line":103,"column":43}},"103":{"start":{"line":104,"column":0},"end":{"line":104,"column":23}},"105":{"start":{"line":106,"column":0},"end":{"line":106,"column":26}},"106":{"start":{"line":107,"column":0},"end":{"line":107,"column":18}},"107":{"start":{"line":108,"column":0},"end":{"line":108,"column":18}},"109":{"start":{"line":110,"column":0},"end":{"line":110,"column":5}},"112":{"start":{"line":113,"column":0},"end":{"line":113,"column":37}},"113":{"start":{"line":114,"column":0},"end":{"line":114,"column":16}},"114":{"start":{"line":115,"column":0},"end":{"line":115,"column":43}},"115":{"start":{"line":116,"column":0},"end":{"line":116,"column":29}},"116":{"start":{"line":117,"column":0},"end":{"line":117,"column":38}},"117":{"start":{"line":118,"column":0},"end":{"line":118,"column":38}},"118":{"start":{"line":119,"column":0},"end":{"line":119,"column":34}},"119":{"start":{"line":120,"column":0},"end":{"line":120,"column":36}},"120":{"start":{"line":121,"column":0},"end":{"line":121,"column":36}},"121":{"start":{"line":122,"column":0},"end":{"line":122,"column":41}},"122":{"start":{"line":123,"column":0},"end":{"line":123,"column":26}},"123":{"start":{"line":124,"column":0},"end":{"line":124,"column":19}},"124":{"start":{"line":125,"column":0},"end":{"line":125,"column":42}},"125":{"start":{"line":126,"column":0},"end":{"line":126,"column":34}},"126":{"start":{"line":127,"column":0},"end":{"line":127,"column":37}},"127":{"start":{"line":128,"column":0},"end":{"line":128,"column":46}},"128":{"start":{"line":129,"column":0},"end":{"line":129,"column":39}},"129":{"start":{"line":130,"column":0},"end":{"line":130,"column":43}},"130":{"start":{"line":131,"column":0},"end":{"line":131,"column":39}},"131":{"start":{"line":132,"column":0},"end":{"line":132,"column":23}},"133":{"start":{"line":134,"column":0},"end":{"line":134,"column":27}},"134":{"start":{"line":135,"column":0},"end":{"line":135,"column":21}},"136":{"start":{"line":137,"column":0},"end":{"line":137,"column":80}},"137":{"start":{"line":138,"column":0},"end":{"line":138,"column":76}},"138":{"start":{"line":139,"column":0},"end":{"line":139,"column":64}},"139":{"start":{"line":140,"column":0},"end":{"line":140,"column":64}},"140":{"start":{"line":141,"column":0},"end":{"line":141,"column":76}},"141":{"start":{"line":142,"column":0},"end":{"line":142,"column":22}},"143":{"start":{"line":144,"column":0},"end":{"line":144,"column":30}},"144":{"start":{"line":145,"column":0},"end":{"line":145,"column":35}},"145":{"start":{"line":146,"column":0},"end":{"line":146,"column":32}},"146":{"start":{"line":147,"column":0},"end":{"line":147,"column":43}},"147":{"start":{"line":148,"column":0},"end":{"line":148,"column":49}},"148":{"start":{"line":149,"column":0},"end":{"line":149,"column":36}},"149":{"start":{"line":150,"column":0},"end":{"line":150,"column":33}},"150":{"start":{"line":151,"column":0},"end":{"line":151,"column":37}},"151":{"start":{"line":152,"column":0},"end":{"line":152,"column":39}},"152":{"start":{"line":153,"column":0},"end":{"line":153,"column":19}},"154":{"start":{"line":155,"column":0},"end":{"line":155,"column":22}},"155":{"start":{"line":156,"column":0},"end":{"line":156,"column":18}},"157":{"start":{"line":158,"column":0},"end":{"line":158,"column":5}},"159":{"start":{"line":160,"column":0},"end":{"line":160,"column":16}},"160":{"start":{"line":161,"column":0},"end":{"line":161,"column":1}},"162":{"start":{"line":163,"column":0},"end":{"line":163,"column":30}}},"s":{"3":1,"4":1,"6":1,"7":6,"8":6,"9":6,"10":6,"11":6,"12":6,"14":6,"15":1,"16":1,"17":1,"18":1,"19":1,"20":1,"21":1,"22":1,"23":1,"24":1,"26":1,"27":1,"28":1,"30":1,"33":6,"34":2,"35":2,"36":2,"37":2,"38":2,"39":2,"40":2,"41":2,"42":2,"43":2,"44":2,"45":2,"46":2,"47":2,"48":2,"49":2,"50":2,"51":1,"52":1,"53":1,"54":1,"55":1,"56":1,"57":1,"58":1,"59":2,"60":2,"62":2,"63":2,"64":2,"65":2,"66":2,"67":2,"68":2,"70":2,"71":2,"72":2,"73":2,"74":2,"75":2,"77":2,"78":2,"79":2,"80":2,"81":2,"82":2,"84":2,"85":2,"86":2,"87":2,"88":2,"89":2,"90":2,"91":2,"93":2,"94":1,"95":1,"96":1,"97":1,"98":1,"99":1,"100":1,"101":1,"102":1,"103":1,"105":1,"106":2,"107":2,"109":2,"112":6,"113":2,"114":2,"115":2,"116":2,"117":2,"118":2,"119":2,"120":2,"121":2,"122":2,"123":2,"124":2,"125":2,"126":2,"127":2,"128":2,"129":2,"130":2,"131":2,"133":2,"134":2,"136":2,"137":2,"138":2,"139":2,"140":2,"141":2,"143":2,"144":2,"145":2,"146":2,"147":2,"148":2,"149":2,"150":2,"151":2,"152":2,"154":2,"155":2,"157":2,"159":1,"160":1,"162":1},"branchMap":{"0":{"type":"branch","line":7,"loc":{"start":{"line":7,"column":7},"end":{"line":161,"column":1}},"locations":[{"start":{"line":7,"column":7},"end":{"line":161,"column":1}}]},"1":{"type":"branch","line":15,"loc":{"start":{"line":15,"column":15},"end":{"line":31,"column":5}},"locations":[{"start":{"line":15,"column":15},"end":{"line":31,"column":5}}]},"2":{"type":"branch","line":31,"loc":{"start":{"line":31,"column":4},"end":{"line":34,"column":27}},"locations":[{"start":{"line":31,"column":4},"end":{"line":34,"column":27}}]},"3":{"type":"branch","line":34,"loc":{"start":{"line":34,"column":8},"end":{"line":34,"column":44}},"locations":[{"start":{"line":34,"column":8},"end":{"line":34,"column":44}}]},"4":{"type":"branch","line":34,"loc":{"start":{"line":34,"column":44},"end":{"line":110,"column":5}},"locations":[{"start":{"line":34,"column":44},"end":{"line":110,"column":5}}]},"5":{"type":"branch","line":49,"loc":{"start":{"line":49,"column":28},"end":{"line":49,"column":72}},"locations":[{"start":{"line":49,"column":28},"end":{"line":49,"column":72}}]},"6":{"type":"branch","line":49,"loc":{"start":{"line":49,"column":50},"end":{"line":49,"column":92}},"locations":[{"start":{"line":49,"column":50},"end":{"line":49,"column":92}}]},"7":{"type":"branch","line":51,"loc":{"start":{"line":51,"column":21},"end":{"line":59,"column":29}},"locations":[{"start":{"line":51,"column":21},"end":{"line":59,"column":29}}]},"8":{"type":"branch","line":94,"loc":{"start":{"line":94,"column":18},"end":{"line":94,"column":61}},"locations":[{"start":{"line":94,"column":18},"end":{"line":94,"column":61}}]},"9":{"type":"branch","line":94,"loc":{"start":{"line":94,"column":41},"end":{"line":106,"column":26}},"locations":[{"start":{"line":94,"column":41},"end":{"line":106,"column":26}}]},"10":{"type":"branch","line":110,"loc":{"start":{"line":110,"column":4},"end":{"line":113,"column":18}},"locations":[{"start":{"line":110,"column":4},"end":{"line":113,"column":18}}]},"11":{"type":"branch","line":113,"loc":{"start":{"line":113,"column":8},"end":{"line":113,"column":36}},"locations":[{"start":{"line":113,"column":8},"end":{"line":113,"column":36}}]},"12":{"type":"branch","line":113,"loc":{"start":{"line":113,"column":36},"end":{"line":158,"column":5}},"locations":[{"start":{"line":113,"column":36},"end":{"line":158,"column":5}}]},"13":{"type":"branch","line":158,"loc":{"start":{"line":158,"column":4},"end":{"line":161,"column":1}},"locations":[{"start":{"line":158,"column":4},"end":{"line":161,"column":1}}]}},"b":{"0":[6],"1":[1],"2":[5],"3":[2],"4":[2],"5":[1],"6":[1],"7":[1],"8":[1],"9":[1],"10":[3],"11":[2],"12":[2],"13":[1]},"fnMap":{"0":{"name":"ResultsSection","decl":{"start":{"line":7,"column":7},"end":{"line":161,"column":1}},"loc":{"start":{"line":7,"column":7},"end":{"line":161,"column":1}},"line":7}},"f":{"0":6}}
,"/home/ericchen/ai-writing-style-assistant/frontend/src/components/layout/Footer.jsx": {"path":"/home/ericchen/ai-writing-style-assistant/frontend/src/components/layout/Footer.jsx","all":true,"statementMap":{"3":{"start":{"line":4,"column":0},"end":{"line":4,"column":26}},"4":{"start":{"line":5,"column":0},"end":{"line":5,"column":49}},"6":{"start":{"line":7,"column":0},"end":{"line":7,"column":12}},"7":{"start":{"line":8,"column":0},"end":{"line":8,"column":90}},"8":{"start":{"line":9,"column":0},"end":{"line":9,"column":82}},"9":{"start":{"line":10,"column":0},"end":{"line":10,"column":95}},"11":{"start":{"line":12,"column":0},"end":{"line":12,"column":76}},"12":{"start":{"line":13,"column":0},"end":{"line":13,"column":102}},"13":{"start":{"line":14,"column":0},"end":{"line":14,"column":169}},"14":{"start":{"line":15,"column":0},"end":{"line":15,"column":114}},"15":{"start":{"line":16,"column":0},"end":{"line":16,"column":94}},"16":{"start":{"line":17,"column":0},"end":{"line":17,"column":136}},"17":{"start":{"line":18,"column":0},"end":{"line":18,"column":38}},"18":{"start":{"line":19,"column":0},"end":{"line":19,"column":34}},"19":{"start":{"line":20,"column":0},"end":{"line":20,"column":148}},"21":{"start":{"line":22,"column":0},"end":{"line":22,"column":33}},"22":{"start":{"line":23,"column":0},"end":{"line":23,"column":30}},"23":{"start":{"line":24,"column":0},"end":{"line":24,"column":104}},"25":{"start":{"line":26,"column":0},"end":{"line":26,"column":28}},"26":{"start":{"line":27,"column":0},"end":{"line":27,"column":84}},"27":{"start":{"line":28,"column":0},"end":{"line":28,"column":202}},"28":{"start":{"line":29,"column":0},"end":{"line":29,"column":97}},"29":{"start":{"line":30,"column":0},"end":{"line":30,"column":807}},"30":{"start":{"line":31,"column":0},"end":{"line":31,"column":38}},"31":{"start":{"line":32,"column":0},"end":{"line":32,"column":32}},"32":{"start":{"line":33,"column":0},"end":{"line":33,"column":203}},"33":{"start":{"line":34,"column":0},"end":{"line":34,"column":97}},"34":{"start":{"line":35,"column":0},"end":{"line":35,"column":471}},"35":{"start":{"line":36,"column":0},"end":{"line":36,"column":38}},"36":{"start":{"line":37,"column":0},"end":{"line":37,"column":32}},"37":{"start":{"line":38,"column":0},"end":{"line":38,"column":204}},"38":{"start":{"line":39,"column":0},"end":{"line":39,"column":97}},"39":{"start":{"line":40,"column":0},"end":{"line":40,"column":529}},"40":{"start":{"line":41,"column":0},"end":{"line":41,"column":38}},"41":{"start":{"line":42,"column":0},"end":{"line":42,"column":32}},"42":{"start":{"line":43,"column":0},"end":{"line":43,"column":30}},"43":{"start":{"line":44,"column":0},"end":{"line":44,"column":26}},"46":{"start":{"line":47,"column":0},"end":{"line":47,"column":62}},"47":{"start":{"line":48,"column":0},"end":{"line":48,"column":125}},"49":{"start":{"line":50,"column":0},"end":{"line":50,"column":29}},"50":{"start":{"line":51,"column":0},"end":{"line":51,"column":63}},"51":{"start":{"line":52,"column":0},"end":{"line":52,"column":157}},"52":{"start":{"line":53,"column":0},"end":{"line":53,"column":152}},"53":{"start":{"line":54,"column":0},"end":{"line":54,"column":156}},"54":{"start":{"line":55,"column":0},"end":{"line":55,"column":162}},"55":{"start":{"line":56,"column":0},"end":{"line":56,"column":29}},"56":{"start":{"line":57,"column":0},"end":{"line":57,"column":26}},"59":{"start":{"line":60,"column":0},"end":{"line":60,"column":62}},"60":{"start":{"line":61,"column":0},"end":{"line":61,"column":125}},"62":{"start":{"line":63,"column":0},"end":{"line":63,"column":29}},"63":{"start":{"line":64,"column":0},"end":{"line":64,"column":63}},"64":{"start":{"line":65,"column":0},"end":{"line":65,"column":160}},"65":{"start":{"line":66,"column":0},"end":{"line":66,"column":158}},"66":{"start":{"line":67,"column":0},"end":{"line":67,"column":159}},"67":{"start":{"line":68,"column":0},"end":{"line":68,"column":155}},"68":{"start":{"line":69,"column":0},"end":{"line":69,"column":29}},"69":{"start":{"line":70,"column":0},"end":{"line":70,"column":26}},"72":{"start":{"line":73,"column":0},"end":{"line":73,"column":62}},"73":{"start":{"line":74,"column":0},"end":{"line":74,"column":125}},"75":{"start":{"line":76,"column":0},"end":{"line":76,"column":29}},"76":{"start":{"line":77,"column":0},"end":{"line":77,"column":63}},"77":{"start":{"line":78,"column":0},"end":{"line":78,"column":154}},"78":{"start":{"line":79,"column":0},"end":{"line":79,"column":153}},"79":{"start":{"line":80,"column":0},"end":{"line":80,"column":156}},"80":{"start":{"line":81,"column":0},"end":{"line":81,"column":156}},"81":{"start":{"line":82,"column":0},"end":{"line":82,"column":154}},"82":{"start":{"line":83,"column":0},"end":{"line":83,"column":29}},"83":{"start":{"line":84,"column":0},"end":{"line":84,"column":26}},"84":{"start":{"line":85,"column":0},"end":{"line":85,"column":22}},"87":{"start":{"line":88,"column":0},"end":{"line":88,"column":84}},"88":{"start":{"line":89,"column":0},"end":{"line":89,"column":98}},"89":{"start":{"line":90,"column":0},"end":{"line":90,"column":91}},"90":{"start":{"line":91,"column":0},"end":{"line":91,"column":73}},"91":{"start":{"line":92,"column":0},"end":{"line":92,"column":28}},"92":{"start":{"line":93,"column":0},"end":{"line":93,"column":114}},"93":{"start":{"line":94,"column":0},"end":{"line":94,"column":170}},"94":{"start":{"line":95,"column":0},"end":{"line":95,"column":66}},"96":{"start":{"line":97,"column":0},"end":{"line":97,"column":35}},"97":{"start":{"line":98,"column":0},"end":{"line":98,"column":173}},"98":{"start":{"line":99,"column":0},"end":{"line":99,"column":67}},"100":{"start":{"line":101,"column":0},"end":{"line":101,"column":35}},"101":{"start":{"line":102,"column":0},"end":{"line":102,"column":30}},"102":{"start":{"line":103,"column":0},"end":{"line":103,"column":26}},"103":{"start":{"line":104,"column":0},"end":{"line":104,"column":22}},"104":{"start":{"line":105,"column":0},"end":{"line":105,"column":18}},"105":{"start":{"line":106,"column":0},"end":{"line":106,"column":17}},"107":{"start":{"line":108,"column":0},"end":{"line":108,"column":1}},"109":{"start":{"line":110,"column":0},"end":{"line":110,"column":22}}},"s":{"3":0,"4":0,"6":0,"7":0,"8":0,"9":0,"11":0,"12":0,"13":0,"14":0,"15":0,"16":0,"17":0,"18":0,"19":0,"21":0,"22":0,"23":0,"25":0,"26":0,"27":0,"28":0,"29":0,"30":0,"31":0,"32":0,"33":0,"34":0,"35":0,"36":0,"37":0,"38":0,"39":0,"40":0,"41":0,"42":0,"43":0,"46":0,"47":0,"49":0,"50":0,"51":0,"52":0,"53":0,"54":0,"55":0,"56":0,"59":0,"60":0,"62":0,"63":0,"64":0,"65":0,"66":0,"67":0,"68":0,"69":0,"72":0,"73":0,"75":0,"76":0,"77":0,"78":0,"79":0,"80":0,"81":0,"82":0,"83":0,"84":0,"87":0,"88":0,"89":0,"90":0,"91":0,"92":0,"93":0,"94":0,"96":0,"97":0,"98":0,"100":0,"101":0,"102":0,"103":0,"104":0,"105":0,"107":0,"109":0},"branchMap":{"0":{"type":"branch","line":1,"loc":{"start":{"line":1,"column":9461},"end":{"line":110,"column":22}},"locations":[{"start":{"line":1,"column":9461},"end":{"line":110,"column":22}}]}},"b":{"0":[1]},"fnMap":{"0":{"name":"(empty-report)","decl":{"start":{"line":1,"column":9461},"end":{"line":110,"column":22}},"loc":{"start":{"line":1,"column":9461},"end":{"line":110,"column":22}},"line":1}},"f":{"0":1}}
,"/home/ericchen/ai-writing-style-assistant/frontend/src/components/layout/Header.jsx": {"path":"/home/ericchen/ai-writing-style-assistant/frontend/src/components/layout/Header.jsx","all":true,"statementMap":{"3":{"start":{"line":4,"column":0},"end":{"line":4,"column":46}},"4":{"start":{"line":5,"column":0},"end":{"line":5,"column":12}},"5":{"start":{"line":6,"column":0},"end":{"line":6,"column":42}},"6":{"start":{"line":7,"column":0},"end":{"line":7,"column":39}},"7":{"start":{"line":8,"column":0},"end":{"line":8,"column":48}},"9":{"start":{"line":10,"column":0},"end":{"line":10,"column":51}},"10":{"start":{"line":11,"column":0},"end":{"line":11,"column":56}},"11":{"start":{"line":12,"column":0},"end":{"line":12,"column":55}},"12":{"start":{"line":13,"column":0},"end":{"line":13,"column":90}},"13":{"start":{"line":14,"column":0},"end":{"line":14,"column":97}},"14":{"start":{"line":15,"column":0},"end":{"line":15,"column":120}},"15":{"start":{"line":16,"column":0},"end":{"line":16,"column":42}},"16":{"start":{"line":17,"column":0},"end":{"line":17,"column":107}},"17":{"start":{"line":18,"column":0},"end":{"line":18,"column":84}},"18":{"start":{"line":19,"column":0},"end":{"line":19,"column":86}},"19":{"start":{"line":20,"column":0},"end":{"line":20,"column":57}},"20":{"start":{"line":21,"column":0},"end":{"line":21,"column":107}},"21":{"start":{"line":22,"column":0},"end":{"line":22,"column":84}},"22":{"start":{"line":23,"column":0},"end":{"line":23,"column":86}},"23":{"start":{"line":24,"column":0},"end":{"line":24,"column":57}},"24":{"start":{"line":25,"column":0},"end":{"line":25,"column":43}},"25":{"start":{"line":26,"column":0},"end":{"line":26,"column":38}},"26":{"start":{"line":27,"column":0},"end":{"line":27,"column":34}},"27":{"start":{"line":28,"column":0},"end":{"line":28,"column":56}},"28":{"start":{"line":29,"column":0},"end":{"line":29,"column":72}},"29":{"start":{"line":30,"column":0},"end":{"line":30,"column":86}},"30":{"start":{"line":31,"column":0},"end":{"line":31,"column":34}},"31":{"start":{"line":32,"column":0},"end":{"line":32,"column":30}},"32":{"start":{"line":33,"column":0},"end":{"line":33,"column":26}},"35":{"start":{"line":36,"column":0},"end":{"line":36,"column":63}},"36":{"start":{"line":37,"column":0},"end":{"line":37,"column":73}},"37":{"start":{"line":38,"column":0},"end":{"line":38,"column":63}},"39":{"start":{"line":40,"column":0},"end":{"line":40,"column":28}},"40":{"start":{"line":41,"column":0},"end":{"line":41,"column":57}},"41":{"start":{"line":42,"column":0},"end":{"line":42,"column":63}},"43":{"start":{"line":44,"column":0},"end":{"line":44,"column":28}},"44":{"start":{"line":45,"column":0},"end":{"line":45,"column":57}},"45":{"start":{"line":46,"column":0},"end":{"line":46,"column":63}},"47":{"start":{"line":48,"column":0},"end":{"line":48,"column":28}},"48":{"start":{"line":49,"column":0},"end":{"line":49,"column":26}},"51":{"start":{"line":52,"column":0},"end":{"line":52,"column":52}},"53":{"start":{"line":54,"column":0},"end":{"line":54,"column":69}},"56":{"start":{"line":57,"column":0},"end":{"line":57,"column":54}},"57":{"start":{"line":58,"column":0},"end":{"line":58,"column":52}},"58":{"start":{"line":59,"column":0},"end":{"line":59,"column":70}},"59":{"start":{"line":60,"column":0},"end":{"line":60,"column":34}},"60":{"start":{"line":61,"column":0},"end":{"line":61,"column":30}},"63":{"start":{"line":64,"column":0},"end":{"line":64,"column":70}},"64":{"start":{"line":65,"column":0},"end":{"line":65,"column":63}},"65":{"start":{"line":66,"column":0},"end":{"line":66,"column":63}},"66":{"start":{"line":67,"column":0},"end":{"line":67,"column":63}},"67":{"start":{"line":68,"column":0},"end":{"line":68,"column":33}},"68":{"start":{"line":69,"column":0},"end":{"line":69,"column":26}},"69":{"start":{"line":70,"column":0},"end":{"line":70,"column":22}},"70":{"start":{"line":71,"column":0},"end":{"line":71,"column":18}},"71":{"start":{"line":72,"column":0},"end":{"line":72,"column":17}},"73":{"start":{"line":74,"column":0},"end":{"line":74,"column":1}},"76":{"start":{"line":77,"column":0},"end":{"line":77,"column":38}},"77":{"start":{"line":78,"column":0},"end":{"line":78,"column":34}},"78":{"start":{"line":79,"column":0},"end":{"line":79,"column":25}},"79":{"start":{"line":80,"column":0},"end":{"line":80,"column":29}},"80":{"start":{"line":81,"column":0},"end":{"line":81,"column":59}},"81":{"start":{"line":82,"column":0},"end":{"line":82,"column":32}},"82":{"start":{"line":83,"column":0},"end":{"line":83,"column":62}},"83":{"start":{"line":84,"column":0},"end":{"line":84,"column":28}},"84":{"start":{"line":85,"column":0},"end":{"line":85,"column":20}},"85":{"start":{"line":86,"column":0},"end":{"line":86,"column":58}},"86":{"start":{"line":87,"column":0},"end":{"line":87,"column":9}},"87":{"start":{"line":88,"column":0},"end":{"line":88,"column":6}},"89":{"start":{"line":90,"column":0},"end":{"line":90,"column":12}},"90":{"start":{"line":91,"column":0},"end":{"line":91,"column":42}},"91":{"start":{"line":92,"column":0},"end":{"line":92,"column":46}},"92":{"start":{"line":93,"column":0},"end":{"line":93,"column":45}},"93":{"start":{"line":94,"column":0},"end":{"line":94,"column":56}},"94":{"start":{"line":95,"column":0},"end":{"line":95,"column":78}},"95":{"start":{"line":96,"column":0},"end":{"line":96,"column":19}},"96":{"start":{"line":97,"column":0},"end":{"line":97,"column":14}},"98":{"start":{"line":99,"column":0},"end":{"line":99,"column":1}},"100":{"start":{"line":101,"column":0},"end":{"line":101,"column":22}}},"s":{"3":0,"4":0,"5":0,"6":0,"7":0,"9":0,"10":0,"11":0,"12":0,"13":0,"14":0,"15":0,"16":0,"17":0,"18":0,"19":0,"20":0,"21":0,"22":0,"23":0,"24":0,"25":0,"26":0,"27":0,"28":0,"29":0,"30":0,"31":0,"32":0,"35":0,"36":0,"37":0,"39":0,"40":0,"41":0,"43":0,"44":0,"45":0,"47":0,"48":0,"51":0,"53":0,"56":0,"57":0,"58":0,"59":0,"60":0,"63":0,"64":0,"65":0,"66":0,"67":0,"68":0,"69":0,"70":0,"71":0,"73":0,"76":0,"77":0,"78":0,"79":0,"80":0,"81":0,"82":0,"83":0,"84":0,"85":0,"86":0,"87":0,"89":0,"90":0,"91":0,"92":0,"93":0,"94":0,"95":0,"96":0,"98":0,"100":0},"branchMap":{"0":{"type":"branch","line":1,"loc":{"start":{"line":1,"column":4508},"end":{"line":101,"column":22}},"locations":[{"start":{"line":1,"column":4508},"end":{"line":101,"column":22}}]}},"b":{"0":[1]},"fnMap":{"0":{"name":"(empty-report)","decl":{"start":{"line":1,"column":4508},"end":{"line":101,"column":22}},"loc":{"start":{"line":1,"column":4508},"end":{"line":101,"column":22}},"line":1}},"f":{"0":1}}
,"/home/ericchen/ai-writing-style-assistant/frontend/src/components/layout/PageLayout.jsx": {"path":"/home/ericchen/ai-writing-style-assistant/frontend/src/components/layout/PageLayout.jsx","all":true,"statementMap":{"3":{"start":{"line":4,"column":0},"end":{"line":4,"column":58}},"4":{"start":{"line":5,"column":0},"end":{"line":5,"column":12}},"5":{"start":{"line":6,"column":0},"end":{"line":6,"column":59}},"6":{"start":{"line":7,"column":0},"end":{"line":7,"column":69}},"7":{"start":{"line":8,"column":0},"end":{"line":8,"column":51}},"8":{"start":{"line":9,"column":0},"end":{"line":9,"column":30}},"9":{"start":{"line":10,"column":0},"end":{"line":10,"column":22}},"10":{"start":{"line":11,"column":0},"end":{"line":11,"column":18}},"11":{"start":{"line":12,"column":0},"end":{"line":12,"column":15}},"13":{"start":{"line":14,"column":0},"end":{"line":14,"column":1}},"15":{"start":{"line":16,"column":0},"end":{"line":16,"column":26}}},"s":{"3":0,"4":0,"5":0,"6":0,"7":0,"8":0,"9":0,"10":0,"11":0,"13":0,"15":0},"branchMap":{"0":{"type":"branch","line":1,"loc":{"start":{"line":1,"column":450},"end":{"line":16,"column":26}},"locations":[{"start":{"line":1,"column":450},"end":{"line":16,"column":26}}]}},"b":{"0":[1]},"fnMap":{"0":{"name":"(empty-report)","decl":{"start":{"line":1,"column":450},"end":{"line":16,"column":26}},"loc":{"start":{"line":1,"column":450},"end":{"line":16,"column":26}},"line":1}},"f":{"0":1}}
,"/home/ericchen/ai-writing-style-assistant/frontend/src/components/ui/Button.jsx": {"path":"/home/ericchen/ai-writing-style-assistant/frontend/src/components/ui/Button.jsx","all":false,"statementMap":{"3":{"start":{"line":4,"column":0},"end":{"line":4,"column":25}},"4":{"start":{"line":5,"column":0},"end":{"line":5,"column":14}},"5":{"start":{"line":6,"column":0},"end":{"line":6,"column":13}},"6":{"start":{"line":7,"column":0},"end":{"line":7,"column":22}},"7":{"start":{"line":8,"column":0},"end":{"line":8,"column":25}},"8":{"start":{"line":9,"column":0},"end":{"line":9,"column":16}},"9":{"start":{"line":10,"column":0},"end":{"line":10,"column":19}},"10":{"start":{"line":11,"column":0},"end":{"line":11,"column":13}},"11":{"start":{"line":12,"column":0},"end":{"line":12,"column":4}},"12":{"start":{"line":13,"column":0},"end":{"line":13,"column":37}},"13":{"start":{"line":14,"column":0},"end":{"line":14,"column":126}},"15":{"start":{"line":16,"column":0},"end":{"line":16,"column":26}},"16":{"start":{"line":17,"column":0},"end":{"line":17,"column":27}},"17":{"start":{"line":18,"column":0},"end":{"line":18,"column":152}},"18":{"start":{"line":19,"column":0},"end":{"line":19,"column":29}},"19":{"start":{"line":20,"column":0},"end":{"line":20,"column":143}},"20":{"start":{"line":21,"column":0},"end":{"line":21,"column":26}},"21":{"start":{"line":22,"column":0},"end":{"line":22,"column":140}},"22":{"start":{"line":23,"column":0},"end":{"line":23,"column":29}},"23":{"start":{"line":24,"column":0},"end":{"line":24,"column":165}},"24":{"start":{"line":25,"column":0},"end":{"line":25,"column":27}},"25":{"start":{"line":26,"column":0},"end":{"line":26,"column":171}},"26":{"start":{"line":27,"column":0},"end":{"line":27,"column":20}},"27":{"start":{"line":28,"column":0},"end":{"line":28,"column":146}},"28":{"start":{"line":29,"column":0},"end":{"line":29,"column":9}},"29":{"start":{"line":30,"column":0},"end":{"line":30,"column":6}},"31":{"start":{"line":32,"column":0},"end":{"line":32,"column":34}},"32":{"start":{"line":33,"column":0},"end":{"line":33,"column":23}},"33":{"start":{"line":34,"column":0},"end":{"line":34,"column":22}},"34":{"start":{"line":35,"column":0},"end":{"line":35,"column":47}},"35":{"start":{"line":36,"column":0},"end":{"line":36,"column":22}},"36":{"start":{"line":37,"column":0},"end":{"line":37,"column":43}},"37":{"start":{"line":38,"column":0},"end":{"line":38,"column":22}},"38":{"start":{"line":39,"column":0},"end":{"line":39,"column":56}},"39":{"start":{"line":40,"column":0},"end":{"line":40,"column":22}},"40":{"start":{"line":41,"column":0},"end":{"line":41,"column":45}},"41":{"start":{"line":42,"column":0},"end":{"line":42,"column":22}},"42":{"start":{"line":43,"column":0},"end":{"line":43,"column":43}},"43":{"start":{"line":44,"column":0},"end":{"line":44,"column":20}},"44":{"start":{"line":45,"column":0},"end":{"line":45,"column":56}},"45":{"start":{"line":46,"column":0},"end":{"line":46,"column":9}},"46":{"start":{"line":47,"column":0},"end":{"line":47,"column":6}},"48":{"start":{"line":49,"column":0},"end":{"line":49,"column":78}},"50":{"start":{"line":51,"column":0},"end":{"line":51,"column":12}},"51":{"start":{"line":52,"column":0},"end":{"line":52,"column":15}},"52":{"start":{"line":53,"column":0},"end":{"line":53,"column":29}},"53":{"start":{"line":54,"column":0},"end":{"line":54,"column":31}},"54":{"start":{"line":55,"column":0},"end":{"line":55,"column":31}},"55":{"start":{"line":56,"column":0},"end":{"line":56,"column":22}},"57":{"start":{"line":58,"column":0},"end":{"line":58,"column":22}},"58":{"start":{"line":59,"column":0},"end":{"line":59,"column":17}},"60":{"start":{"line":61,"column":0},"end":{"line":61,"column":1}},"62":{"start":{"line":63,"column":0},"end":{"line":63,"column":22}}},"s":{"3":1,"4":11,"5":11,"6":11,"7":11,"8":11,"9":11,"10":11,"11":11,"12":11,"13":11,"15":11,"16":11,"17":7,"18":11,"19":1,"20":11,"21":3,"22":11,"23":0,"24":11,"25":0,"26":11,"27":0,"28":11,"29":11,"31":11,"32":11,"33":11,"34":0,"35":11,"36":0,"37":11,"38":0,"39":11,"40":11,"41":11,"42":0,"43":11,"44":0,"45":11,"46":11,"48":11,"50":11,"51":11,"52":11,"53":11,"54":11,"55":11,"57":11,"58":11,"60":11,"62":1},"branchMap":{"0":{"type":"branch","line":4,"loc":{"start":{"line":4,"column":7},"end":{"line":61,"column":1}},"locations":[{"start":{"line":4,"column":7},"end":{"line":61,"column":1}}]},"1":{"type":"branch","line":13,"loc":{"start":{"line":13,"column":30},"end":{"line":30,"column":6}},"locations":[{"start":{"line":13,"column":30},"end":{"line":30,"column":6}}]},"2":{"type":"branch","line":17,"loc":{"start":{"line":17,"column":12},"end":{"line":18,"column":152}},"locations":[{"start":{"line":17,"column":12},"end":{"line":18,"column":152}}]},"3":{"type":"branch","line":19,"loc":{"start":{"line":19,"column":12},"end":{"line":20,"column":143}},"locations":[{"start":{"line":19,"column":12},"end":{"line":20,"column":143}}]},"4":{"type":"branch","line":21,"loc":{"start":{"line":21,"column":12},"end":{"line":22,"column":140}},"locations":[{"start":{"line":21,"column":12},"end":{"line":22,"column":140}}]},"5":{"type":"branch","line":23,"loc":{"start":{"line":23,"column":12},"end":{"line":24,"column":165}},"locations":[{"start":{"line":23,"column":12},"end":{"line":24,"column":165}}]},"6":{"type":"branch","line":25,"loc":{"start":{"line":25,"column":12},"end":{"line":26,"column":171}},"locations":[{"start":{"line":25,"column":12},"end":{"line":26,"column":171}}]},"7":{"type":"branch","line":27,"loc":{"start":{"line":27,"column":12},"end":{"line":28,"column":146}},"locations":[{"start":{"line":27,"column":12},"end":{"line":28,"column":146}}]},"8":{"type":"branch","line":32,"loc":{"start":{"line":32,"column":27},"end":{"line":47,"column":6}},"locations":[{"start":{"line":32,"column":27},"end":{"line":47,"column":6}}]},"9":{"type":"branch","line":34,"loc":{"start":{"line":34,"column":12},"end":{"line":35,"column":47}},"locations":[{"start":{"line":34,"column":12},"end":{"line":35,"column":47}}]},"10":{"type":"branch","line":36,"loc":{"start":{"line":36,"column":12},"end":{"line":37,"column":43}},"locations":[{"start":{"line":36,"column":12},"end":{"line":37,"column":43}}]},"11":{"type":"branch","line":38,"loc":{"start":{"line":38,"column":12},"end":{"line":39,"column":56}},"locations":[{"start":{"line":38,"column":12},"end":{"line":39,"column":56}}]},"12":{"type":"branch","line":42,"loc":{"start":{"line":42,"column":12},"end":{"line":43,"column":43}},"locations":[{"start":{"line":42,"column":12},"end":{"line":43,"column":43}}]},"13":{"type":"branch","line":44,"loc":{"start":{"line":44,"column":12},"end":{"line":45,"column":56}},"locations":[{"start":{"line":44,"column":12},"end":{"line":45,"column":56}}]}},"b":{"0":[11],"1":[11],"2":[7],"3":[1],"4":[3],"5":[0],"6":[0],"7":[0],"8":[11],"9":[0],"10":[0],"11":[0],"12":[0],"13":[0]},"fnMap":{"0":{"name":"Button","decl":{"start":{"line":4,"column":7},"end":{"line":61,"column":1}},"loc":{"start":{"line":4,"column":7},"end":{"line":61,"column":1}},"line":4},"1":{"name":"getVariantClasses","decl":{"start":{"line":13,"column":30},"end":{"line":30,"column":6}},"loc":{"start":{"line":13,"column":30},"end":{"line":30,"column":6}},"line":13},"2":{"name":"getSizeClasses","decl":{"start":{"line":32,"column":27},"end":{"line":47,"column":6}},"loc":{"start":{"line":32,"column":27},"end":{"line":47,"column":6}},"line":32}},"f":{"0":11,"1":11,"2":11}}
,"/home/ericchen/ai-writing-style-assistant/frontend/src/components/ui/Card.jsx": {"path":"/home/ericchen/ai-writing-style-assistant/frontend/src/components/ui/Card.jsx","all":false,"statementMap":{"3":{"start":{"line":4,"column":0},"end":{"line":4,"column":33}},"5":{"start":{"line":6,"column":0},"end":{"line":6,"column":55}},"6":{"start":{"line":7,"column":0},"end":{"line":7,"column":48}},"8":{"start":{"line":9,"column":0},"end":{"line":9,"column":41}},"9":{"start":{"line":10,"column":0},"end":{"line":10,"column":13}},"10":{"start":{"line":11,"column":0},"end":{"line":11,"column":54}},"11":{"start":{"line":12,"column":0},"end":{"line":12,"column":28}},"12":{"start":{"line":13,"column":0},"end":{"line":13,"column":53}},"13":{"start":{"line":14,"column":0},"end":{"line":14,"column":23}},"14":{"start":{"line":15,"column":0},"end":{"line":15,"column":56}},"15":{"start":{"line":16,"column":0},"end":{"line":16,"column":9}},"16":{"start":{"line":17,"column":0},"end":{"line":17,"column":6}},"18":{"start":{"line":19,"column":0},"end":{"line":19,"column":12}},"19":{"start":{"line":20,"column":0},"end":{"line":20,"column":25}},"22":{"start":{"line":23,"column":0},"end":{"line":23,"column":24}},"23":{"start":{"line":24,"column":0},"end":{"line":24,"column":11}},"24":{"start":{"line":25,"column":0},"end":{"line":25,"column":67}},"25":{"start":{"line":26,"column":0},"end":{"line":26,"column":92}},"26":{"start":{"line":27,"column":0},"end":{"line":27,"column":27}},"27":{"start":{"line":28,"column":0},"end":{"line":28,"column":21}},"28":{"start":{"line":29,"column":0},"end":{"line":29,"column":57}},"29":{"start":{"line":30,"column":0},"end":{"line":30,"column":27}},"30":{"start":{"line":31,"column":0},"end":{"line":31,"column":49}},"31":{"start":{"line":32,"column":0},"end":{"line":32,"column":135}},"32":{"start":{"line":33,"column":0},"end":{"line":33,"column":64}},"34":{"start":{"line":35,"column":0},"end":{"line":35,"column":35}},"35":{"start":{"line":36,"column":0},"end":{"line":36,"column":122}},"36":{"start":{"line":37,"column":0},"end":{"line":37,"column":120}},"37":{"start":{"line":38,"column":0},"end":{"line":38,"column":34}},"39":{"start":{"line":40,"column":0},"end":{"line":40,"column":107}},"40":{"start":{"line":41,"column":0},"end":{"line":41,"column":223}},"41":{"start":{"line":42,"column":0},"end":{"line":42,"column":34}},"42":{"start":{"line":43,"column":0},"end":{"line":43,"column":26}},"43":{"start":{"line":44,"column":0},"end":{"line":44,"column":29}},"44":{"start":{"line":45,"column":0},"end":{"line":45,"column":129}},"46":{"start":{"line":47,"column":0},"end":{"line":47,"column":27}},"47":{"start":{"line":48,"column":0},"end":{"line":48,"column":22}},"48":{"start":{"line":49,"column":0},"end":{"line":49,"column":18}},"49":{"start":{"line":50,"column":0},"end":{"line":50,"column":80}},"50":{"start":{"line":51,"column":0},"end":{"line":51,"column":22}},"51":{"start":{"line":52,"column":0},"end":{"line":52,"column":18}},"52":{"start":{"line":53,"column":0},"end":{"line":53,"column":14}},"54":{"start":{"line":55,"column":0},"end":{"line":55,"column":1}},"56":{"start":{"line":57,"column":0},"end":{"line":57,"column":20}}},"s":{"3":1,"5":1,"6":8,"8":8,"9":0,"10":0,"11":0,"12":0,"13":0,"14":0,"15":0,"16":0,"18":8,"19":8,"22":8,"23":8,"24":8,"25":8,"26":8,"27":8,"28":8,"29":8,"30":8,"31":8,"32":8,"34":8,"35":0,"36":0,"37":0,"39":8,"40":8,"41":8,"42":8,"43":8,"44":8,"46":8,"47":8,"48":8,"49":8,"50":8,"51":8,"52":8,"54":8,"56":1},"branchMap":{"0":{"type":"branch","line":6,"loc":{"start":{"line":6,"column":7},"end":{"line":55,"column":1}},"locations":[{"start":{"line":6,"column":7},"end":{"line":55,"column":1}}]},"1":{"type":"branch","line":33,"loc":{"start":{"line":33,"column":31},"end":{"line":33,"column":52}},"locations":[{"start":{"line":33,"column":31},"end":{"line":33,"column":52}}]},"2":{"type":"branch","line":35,"loc":{"start":{"line":35,"column":25},"end":{"line":38,"column":34}},"locations":[{"start":{"line":35,"column":25},"end":{"line":38,"column":34}}]}},"b":{"0":[8],"1":[0],"2":[0]},"fnMap":{"0":{"name":"Card","decl":{"start":{"line":6,"column":7},"end":{"line":55,"column":1}},"loc":{"start":{"line":6,"column":7},"end":{"line":55,"column":1}},"line":6},"1":{"name":"copyToClipboard","decl":{"start":{"line":9,"column":28},"end":{"line":17,"column":6}},"loc":{"start":{"line":9,"column":28},"end":{"line":17,"column":6}},"line":9}},"f":{"0":8,"1":0}}
,"/home/ericchen/ai-writing-style-assistant/frontend/src/components/ui/StreamingCard.jsx": {"path":"/home/ericchen/ai-writing-style-assistant/frontend/src/components/ui/StreamingCard.jsx","all":false,"statementMap":{"3":{"start":{"line":4,"column":0},"end":{"line":4,"column":33}},"5":{"start":{"line":6,"column":0},"end":{"line":6,"column":77}},"6":{"start":{"line":7,"column":0},"end":{"line":7,"column":48}},"8":{"start":{"line":9,"column":0},"end":{"line":9,"column":41}},"9":{"start":{"line":10,"column":0},"end":{"line":10,"column":26}},"10":{"start":{"line":11,"column":0},"end":{"line":11,"column":13}},"11":{"start":{"line":12,"column":0},"end":{"line":12,"column":54}},"12":{"start":{"line":13,"column":0},"end":{"line":13,"column":28}},"13":{"start":{"line":14,"column":0},"end":{"line":14,"column":53}},"14":{"start":{"line":15,"column":0},"end":{"line":15,"column":23}},"15":{"start":{"line":16,"column":0},"end":{"line":16,"column":56}},"16":{"start":{"line":17,"column":0},"end":{"line":17,"column":9}},"17":{"start":{"line":18,"column":0},"end":{"line":18,"column":6}},"19":{"start":{"line":20,"column":0},"end":{"line":20,"column":12}},"20":{"start":{"line":21,"column":0},"end":{"line":21,"column":25}},"23":{"start":{"line":24,"column":0},"end":{"line":24,"column":72}},"24":{"start":{"line":25,"column":0},"end":{"line":25,"column":24}},"25":{"start":{"line":26,"column":0},"end":{"line":26,"column":11}},"26":{"start":{"line":27,"column":0},"end":{"line":27,"column":67}},"27":{"start":{"line":28,"column":0},"end":{"line":28,"column":61}},"28":{"start":{"line":29,"column":0},"end":{"line":29,"column":61}},"29":{"start":{"line":30,"column":0},"end":{"line":30,"column":96}},"30":{"start":{"line":31,"column":0},"end":{"line":31,"column":31}},"31":{"start":{"line":32,"column":0},"end":{"line":32,"column":25}},"32":{"start":{"line":33,"column":0},"end":{"line":33,"column":22}},"33":{"start":{"line":34,"column":0},"end":{"line":34,"column":57}},"34":{"start":{"line":35,"column":0},"end":{"line":35,"column":30}},"35":{"start":{"line":36,"column":0},"end":{"line":36,"column":31}},"36":{"start":{"line":37,"column":0},"end":{"line":37,"column":53}},"37":{"start":{"line":38,"column":0},"end":{"line":38,"column":139}},"38":{"start":{"line":39,"column":0},"end":{"line":39,"column":68}},"40":{"start":{"line":41,"column":0},"end":{"line":41,"column":39}},"41":{"start":{"line":42,"column":0},"end":{"line":42,"column":126}},"42":{"start":{"line":43,"column":0},"end":{"line":43,"column":124}},"43":{"start":{"line":44,"column":0},"end":{"line":44,"column":38}},"45":{"start":{"line":46,"column":0},"end":{"line":46,"column":111}},"46":{"start":{"line":47,"column":0},"end":{"line":47,"column":227}},"47":{"start":{"line":48,"column":0},"end":{"line":48,"column":38}},"48":{"start":{"line":49,"column":0},"end":{"line":49,"column":30}},"49":{"start":{"line":50,"column":0},"end":{"line":50,"column":33}},"51":{"start":{"line":52,"column":0},"end":{"line":52,"column":36}},"52":{"start":{"line":53,"column":0},"end":{"line":53,"column":144}},"53":{"start":{"line":54,"column":0},"end":{"line":54,"column":103}},"55":{"start":{"line":56,"column":0},"end":{"line":56,"column":31}},"57":{"start":{"line":58,"column":0},"end":{"line":58,"column":133}},"59":{"start":{"line":60,"column":0},"end":{"line":60,"column":31}},"60":{"start":{"line":61,"column":0},"end":{"line":61,"column":22}},"61":{"start":{"line":62,"column":0},"end":{"line":62,"column":22}},"62":{"start":{"line":63,"column":0},"end":{"line":63,"column":18}},"63":{"start":{"line":64,"column":0},"end":{"line":64,"column":80}},"64":{"start":{"line":65,"column":0},"end":{"line":65,"column":22}},"65":{"start":{"line":66,"column":0},"end":{"line":66,"column":41}},"66":{"start":{"line":67,"column":0},"end":{"line":67,"column":99}},"67":{"start":{"line":68,"column":0},"end":{"line":68,"column":18}},"68":{"start":{"line":69,"column":0},"end":{"line":69,"column":18}},"69":{"start":{"line":70,"column":0},"end":{"line":70,"column":14}},"71":{"start":{"line":72,"column":0},"end":{"line":72,"column":1}},"73":{"start":{"line":74,"column":0},"end":{"line":74,"column":29}}},"s":{"3":1,"5":1,"6":8,"8":8,"9":0,"10":0,"11":0,"12":0,"13":0,"14":0,"15":0,"16":0,"17":0,"19":8,"20":8,"23":8,"24":8,"25":8,"26":8,"27":8,"28":8,"29":8,"30":8,"31":8,"32":8,"33":8,"34":8,"35":8,"36":8,"37":8,"38":8,"40":8,"41":0,"42":0,"43":0,"45":8,"46":8,"47":8,"48":8,"49":8,"51":8,"52":4,"53":4,"55":4,"57":4,"59":4,"60":8,"61":8,"62":8,"63":8,"64":8,"65":8,"66":4,"67":8,"68":8,"69":8,"71":8,"73":1},"branchMap":{"0":{"type":"branch","line":6,"loc":{"start":{"line":6,"column":7},"end":{"line":72,"column":1}},"locations":[{"start":{"line":6,"column":7},"end":{"line":72,"column":1}}]},"1":{"type":"branch","line":24,"loc":{"start":{"line":24,"column":14},"end":{"line":24,"column":69}},"locations":[{"start":{"line":24,"column":14},"end":{"line":24,"column":69}}]},"2":{"type":"branch","line":24,"loc":{"start":{"line":24,"column":28},"end":{"line":24,"column":71}},"locations":[{"start":{"line":24,"column":28},"end":{"line":24,"column":71}}]},"3":{"type":"branch","line":39,"loc":{"start":{"line":39,"column":35},"end":{"line":39,"column":56}},"locations":[{"start":{"line":39,"column":35},"end":{"line":39,"column":56}}]},"4":{"type":"branch","line":41,"loc":{"start":{"line":41,"column":29},"end":{"line":44,"column":38}},"locations":[{"start":{"line":41,"column":29},"end":{"line":44,"column":38}}]},"5":{"type":"branch","line":52,"loc":{"start":{"line":52,"column":21},"end":{"line":56,"column":31}},"locations":[{"start":{"line":52,"column":21},"end":{"line":56,"column":31}}]},"6":{"type":"branch","line":56,"loc":{"start":{"line":56,"column":30},"end":{"line":60,"column":31}},"locations":[{"start":{"line":56,"column":30},"end":{"line":60,"column":31}}]},"7":{"type":"branch","line":66,"loc":{"start":{"line":66,"column":17},"end":{"line":66,"column":41}},"locations":[{"start":{"line":66,"column":17},"end":{"line":66,"column":41}}]},"8":{"type":"branch","line":66,"loc":{"start":{"line":66,"column":32},"end":{"line":67,"column":99}},"locations":[{"start":{"line":66,"column":32},"end":{"line":67,"column":99}}]}},"b":{"0":[8],"1":[4],"2":[4],"3":[0],"4":[0],"5":[4],"6":[4],"7":[4],"8":[4]},"fnMap":{"0":{"name":"StreamingCard","decl":{"start":{"line":6,"column":7},"end":{"line":72,"column":1}},"loc":{"start":{"line":6,"column":7},"end":{"line":72,"column":1}},"line":6},"1":{"name":"copyToClipboard","decl":{"start":{"line":9,"column":28},"end":{"line":18,"column":6}},"loc":{"start":{"line":9,"column":28},"end":{"line":18,"column":6}},"line":9}},"f":{"0":8,"1":0}}
,"/home/ericchen/ai-writing-style-assistant/frontend/src/components/ui/Toggle.jsx": {"path":"/home/ericchen/ai-writing-style-assistant/frontend/src/components/ui/Toggle.jsx","all":false,"statementMap":{"3":{"start":{"line":4,"column":0},"end":{"line":4,"column":25}},"4":{"start":{"line":5,"column":0},"end":{"line":5,"column":13}},"5":{"start":{"line":6,"column":0},"end":{"line":6,"column":14}},"6":{"start":{"line":7,"column":0},"end":{"line":7,"column":22}},"7":{"start":{"line":8,"column":0},"end":{"line":8,"column":15}},"8":{"start":{"line":9,"column":0},"end":{"line":9,"column":15}},"9":{"start":{"line":10,"column":0},"end":{"line":10,"column":16}},"10":{"start":{"line":11,"column":0},"end":{"line":11,"column":19}},"11":{"start":{"line":12,"column":0},"end":{"line":12,"column":4}},"12":{"start":{"line":13,"column":0},"end":{"line":13,"column":12}},"13":{"start":{"line":14,"column":0},"end":{"line":14,"column":89}},"14":{"start":{"line":15,"column":0},"end":{"line":15,"column":53}},"15":{"start":{"line":16,"column":0},"end":{"line":16,"column":31}},"16":{"start":{"line":17,"column":0},"end":{"line":17,"column":91}},"17":{"start":{"line":18,"column":0},"end":{"line":18,"column":67}},"18":{"start":{"line":19,"column":0},"end":{"line":19,"column":24}},"19":{"start":{"line":20,"column":0},"end":{"line":20,"column":35}},"20":{"start":{"line":21,"column":0},"end":{"line":21,"column":27}},"23":{"start":{"line":24,"column":0},"end":{"line":24,"column":23}},"24":{"start":{"line":25,"column":0},"end":{"line":25,"column":33}},"25":{"start":{"line":26,"column":0},"end":{"line":26,"column":67}},"26":{"start":{"line":27,"column":0},"end":{"line":27,"column":39}},"27":{"start":{"line":28,"column":0},"end":{"line":28,"column":32}},"29":{"start":{"line":30,"column":0},"end":{"line":30,"column":88}},"30":{"start":{"line":31,"column":0},"end":{"line":31,"column":66}},"31":{"start":{"line":32,"column":0},"end":{"line":32,"column":22}},"33":{"start":{"line":34,"column":0},"end":{"line":34,"column":25}},"34":{"start":{"line":35,"column":0},"end":{"line":35,"column":36}},"36":{"start":{"line":37,"column":0},"end":{"line":37,"column":76}},"37":{"start":{"line":38,"column":0},"end":{"line":38,"column":26}},"38":{"start":{"line":39,"column":0},"end":{"line":39,"column":22}},"39":{"start":{"line":40,"column":0},"end":{"line":40,"column":25}},"41":{"start":{"line":42,"column":0},"end":{"line":42,"column":32}},"42":{"start":{"line":43,"column":0},"end":{"line":43,"column":91}},"43":{"start":{"line":44,"column":0},"end":{"line":44,"column":67}},"44":{"start":{"line":45,"column":0},"end":{"line":45,"column":24}},"45":{"start":{"line":46,"column":0},"end":{"line":46,"column":36}},"46":{"start":{"line":47,"column":0},"end":{"line":47,"column":27}},"47":{"start":{"line":48,"column":0},"end":{"line":48,"column":18}},"48":{"start":{"line":49,"column":0},"end":{"line":49,"column":18}},"50":{"start":{"line":51,"column":0},"end":{"line":51,"column":29}},"51":{"start":{"line":52,"column":0},"end":{"line":52,"column":76}},"52":{"start":{"line":53,"column":0},"end":{"line":53,"column":33}},"53":{"start":{"line":54,"column":0},"end":{"line":54,"column":22}},"54":{"start":{"line":55,"column":0},"end":{"line":55,"column":14}},"55":{"start":{"line":56,"column":0},"end":{"line":56,"column":14}},"57":{"start":{"line":58,"column":0},"end":{"line":58,"column":1}},"59":{"start":{"line":60,"column":0},"end":{"line":60,"column":22}}},"s":{"3":1,"4":8,"5":8,"6":8,"7":8,"8":8,"9":8,"10":8,"11":8,"12":8,"13":8,"14":8,"15":8,"16":8,"17":8,"18":8,"19":8,"20":8,"23":8,"24":8,"25":8,"26":8,"27":8,"29":8,"30":8,"31":8,"33":8,"34":8,"36":8,"37":8,"38":8,"39":8,"41":8,"42":8,"43":8,"44":8,"45":8,"46":8,"47":8,"48":8,"50":8,"51":8,"52":8,"53":8,"54":8,"55":8,"57":8,"59":1},"branchMap":{"0":{"type":"branch","line":4,"loc":{"start":{"line":4,"column":7},"end":{"line":58,"column":1}},"locations":[{"start":{"line":4,"column":7},"end":{"line":58,"column":1}}]},"1":{"type":"branch","line":18,"loc":{"start":{"line":18,"column":24},"end":{"line":18,"column":52}},"locations":[{"start":{"line":18,"column":24},"end":{"line":18,"column":52}}]},"2":{"type":"branch","line":18,"loc":{"start":{"line":18,"column":34},"end":{"line":18,"column":67}},"locations":[{"start":{"line":18,"column":34},"end":{"line":18,"column":67}}]},"3":{"type":"branch","line":30,"loc":{"start":{"line":30,"column":26},"end":{"line":30,"column":71}},"locations":[{"start":{"line":30,"column":26},"end":{"line":30,"column":71}}]},"4":{"type":"branch","line":30,"loc":{"start":{"line":30,"column":37},"end":{"line":30,"column":87}},"locations":[{"start":{"line":30,"column":37},"end":{"line":30,"column":87}}]},"5":{"type":"branch","line":31,"loc":{"start":{"line":31,"column":26},"end":{"line":31,"column":52}},"locations":[{"start":{"line":31,"column":26},"end":{"line":31,"column":52}}]},"6":{"type":"branch","line":31,"loc":{"start":{"line":31,"column":36},"end":{"line":31,"column":65}},"locations":[{"start":{"line":31,"column":36},"end":{"line":31,"column":65}}]},"7":{"type":"branch","line":37,"loc":{"start":{"line":37,"column":30},"end":{"line":37,"column":58}},"locations":[{"start":{"line":37,"column":30},"end":{"line":37,"column":58}}]},"8":{"type":"branch","line":37,"loc":{"start":{"line":37,"column":40},"end":{"line":37,"column":75}},"locations":[{"start":{"line":37,"column":40},"end":{"line":37,"column":75}}]},"9":{"type":"branch","line":44,"loc":{"start":{"line":44,"column":24},"end":{"line":44,"column":52}},"locations":[{"start":{"line":44,"column":24},"end":{"line":44,"column":52}}]},"10":{"type":"branch","line":44,"loc":{"start":{"line":44,"column":34},"end":{"line":44,"column":67}},"locations":[{"start":{"line":44,"column":34},"end":{"line":44,"column":67}}]}},"b":{"0":[8],"1":[1],"2":[7],"3":[3],"4":[5],"5":[1],"6":[7],"7":[1],"8":[7],"9":[1],"10":[7]},"fnMap":{"0":{"name":"Toggle","decl":{"start":{"line":4,"column":7},"end":{"line":58,"column":1}},"loc":{"start":{"line":4,"column":7},"end":{"line":58,"column":1}},"line":4},"1":{"name":"onClick","decl":{"start":{"line":26,"column":29},"end":{"line":26,"column":67}},"loc":{"start":{"line":26,"column":29},"end":{"line":26,"column":67}},"line":26}},"f":{"0":8,"1":0}}
,"/home/ericchen/ai-writing-style-assistant/frontend/src/hooks/useRephrase.js": {"path":"/home/ericchen/ai-writing-style-assistant/frontend/src/hooks/useRephrase.js","all":false,"statementMap":{"0":{"start":{"line":1,"column":0},"end":{"line":1,"column":27}},"1":{"start":{"line":2,"column":0},"end":{"line":2,"column":60}},"3":{"start":{"line":4,"column":0},"end":{"line":4,"column":41}},"4":{"start":{"line":5,"column":0},"end":{"line":5,"column":98}},"6":{"start":{"line":7,"column":0},"end":{"line":7,"column":31}},"7":{"start":{"line":8,"column":0},"end":{"line":8,"column":23}},"8":{"start":{"line":9,"column":0},"end":{"line":9,"column":43}},"9":{"start":{"line":10,"column":0},"end":{"line":10,"column":47}},"10":{"start":{"line":11,"column":0},"end":{"line":11,"column":43}},"11":{"start":{"line":12,"column":0},"end":{"line":12,"column":50}},"12":{"start":{"line":13,"column":0},"end":{"line":13,"column":66}},"13":{"start":{"line":14,"column":0},"end":{"line":14,"column":65}},"14":{"start":{"line":15,"column":0},"end":{"line":15,"column":74}},"15":{"start":{"line":16,"column":0},"end":{"line":16,"column":65}},"17":{"start":{"line":18,"column":0},"end":{"line":18,"column":11}},"18":{"start":{"line":19,"column":0},"end":{"line":19,"column":39}},"20":{"start":{"line":21,"column":0},"end":{"line":21,"column":23}},"21":{"start":{"line":22,"column":0},"end":{"line":22,"column":30}},"22":{"start":{"line":23,"column":0},"end":{"line":23,"column":21}},"23":{"start":{"line":24,"column":0},"end":{"line":24,"column":24}},"24":{"start":{"line":25,"column":0},"end":{"line":25,"column":32}},"25":{"start":{"line":26,"column":0},"end":{"line":26,"column":33}},"26":{"start":{"line":27,"column":0},"end":{"line":27,"column":6}},"28":{"start":{"line":29,"column":0},"end":{"line":29,"column":24}},"29":{"start":{"line":30,"column":0},"end":{"line":30,"column":39}},"30":{"start":{"line":31,"column":0},"end":{"line":31,"column":25}},"31":{"start":{"line":32,"column":0},"end":{"line":32,"column":49}},"32":{"start":{"line":33,"column":0},"end":{"line":33,"column":43}},"34":{"start":{"line":35,"column":0},"end":{"line":35,"column":13}},"35":{"start":{"line":36,"column":0},"end":{"line":36,"column":61}},"36":{"start":{"line":37,"column":0},"end":{"line":37,"column":31}},"37":{"start":{"line":38,"column":0},"end":{"line":38,"column":34}},"38":{"start":{"line":39,"column":0},"end":{"line":39,"column":54}},"39":{"start":{"line":40,"column":0},"end":{"line":40,"column":42}},"40":{"start":{"line":41,"column":0},"end":{"line":41,"column":15}},"42":{"start":{"line":43,"column":0},"end":{"line":43,"column":26}},"43":{"start":{"line":44,"column":0},"end":{"line":44,"column":96}},"44":{"start":{"line":45,"column":0},"end":{"line":45,"column":40}},"45":{"start":{"line":46,"column":0},"end":{"line":46,"column":13}},"47":{"start":{"line":48,"column":0},"end":{"line":48,"column":42}},"48":{"start":{"line":49,"column":0},"end":{"line":49,"column":28}},"49":{"start":{"line":50,"column":0},"end":{"line":50,"column":23}},"50":{"start":{"line":51,"column":0},"end":{"line":51,"column":44}},"51":{"start":{"line":52,"column":0},"end":{"line":52,"column":64}},"52":{"start":{"line":53,"column":0},"end":{"line":53,"column":13}},"53":{"start":{"line":54,"column":0},"end":{"line":54,"column":19}},"54":{"start":{"line":55,"column":0},"end":{"line":55,"column":30}},"55":{"start":{"line":56,"column":0},"end":{"line":56,"column":41}},"56":{"start":{"line":57,"column":0},"end":{"line":57,"column":9}},"57":{"start":{"line":58,"column":0},"end":{"line":58,"column":6}},"59":{"start":{"line":60,"column":0},"end":{"line":60,"column":27}},"60":{"start":{"line":61,"column":0},"end":{"line":61,"column":42}},"61":{"start":{"line":62,"column":0},"end":{"line":62,"column":37}},"62":{"start":{"line":63,"column":0},"end":{"line":63,"column":49}},"63":{"start":{"line":64,"column":0},"end":{"line":64,"column":43}},"65":{"start":{"line":66,"column":0},"end":{"line":66,"column":13}},"66":{"start":{"line":67,"column":0},"end":{"line":67,"column":68}},"67":{"start":{"line":68,"column":0},"end":{"line":68,"column":31}},"68":{"start":{"line":69,"column":0},"end":{"line":69,"column":34}},"69":{"start":{"line":70,"column":0},"end":{"line":70,"column":54}},"70":{"start":{"line":71,"column":0},"end":{"line":71,"column":42}},"71":{"start":{"line":72,"column":0},"end":{"line":72,"column":15}},"73":{"start":{"line":74,"column":0},"end":{"line":74,"column":26}},"74":{"start":{"line":75,"column":0},"end":{"line":75,"column":60}},"75":{"start":{"line":76,"column":0},"end":{"line":76,"column":13}},"77":{"start":{"line":78,"column":0},"end":{"line":78,"column":43}},"78":{"start":{"line":79,"column":0},"end":{"line":79,"column":20}},"79":{"start":{"line":80,"column":0},"end":{"line":80,"column":41}},"80":{"start":{"line":81,"column":0},"end":{"line":81,"column":48}},"81":{"start":{"line":82,"column":0},"end":{"line":82,"column":47}},"82":{"start":{"line":83,"column":0},"end":{"line":83,"column":18}},"83":{"start":{"line":84,"column":0},"end":{"line":84,"column":28}},"84":{"start":{"line":85,"column":0},"end":{"line":85,"column":54}},"85":{"start":{"line":86,"column":0},"end":{"line":86,"column":70}},"86":{"start":{"line":87,"column":0},"end":{"line":87,"column":21}},"87":{"start":{"line":88,"column":0},"end":{"line":88,"column":17}},"88":{"start":{"line":89,"column":0},"end":{"line":89,"column":14}},"89":{"start":{"line":90,"column":0},"end":{"line":90,"column":23}},"90":{"start":{"line":91,"column":0},"end":{"line":91,"column":44}},"91":{"start":{"line":92,"column":0},"end":{"line":92,"column":60}},"92":{"start":{"line":93,"column":0},"end":{"line":93,"column":13}},"93":{"start":{"line":94,"column":0},"end":{"line":94,"column":19}},"94":{"start":{"line":95,"column":0},"end":{"line":95,"column":42}},"95":{"start":{"line":96,"column":0},"end":{"line":96,"column":41}},"96":{"start":{"line":97,"column":0},"end":{"line":97,"column":9}},"97":{"start":{"line":98,"column":0},"end":{"line":98,"column":6}},"99":{"start":{"line":100,"column":0},"end":{"line":100,"column":28}},"100":{"start":{"line":101,"column":0},"end":{"line":101,"column":35}},"101":{"start":{"line":102,"column":0},"end":{"line":102,"column":21}},"103":{"start":{"line":104,"column":0},"end":{"line":104,"column":30}},"104":{"start":{"line":105,"column":0},"end":{"line":105,"column":37}},"105":{"start":{"line":106,"column":0},"end":{"line":106,"column":16}},"106":{"start":{"line":107,"column":0},"end":{"line":107,"column":34}},"107":{"start":{"line":108,"column":0},"end":{"line":108,"column":9}},"108":{"start":{"line":109,"column":0},"end":{"line":109,"column":6}},"110":{"start":{"line":111,"column":0},"end":{"line":111,"column":22}},"111":{"start":{"line":112,"column":0},"end":{"line":112,"column":28}},"112":{"start":{"line":113,"column":0},"end":{"line":113,"column":39}},"113":{"start":{"line":114,"column":0},"end":{"line":114,"column":6}},"115":{"start":{"line":116,"column":0},"end":{"line":116,"column":22}},"116":{"start":{"line":117,"column":0},"end":{"line":117,"column":69}},"117":{"start":{"line":118,"column":0},"end":{"line":118,"column":56}},"119":{"start":{"line":120,"column":0},"end":{"line":120,"column":12}},"120":{"start":{"line":121,"column":0},"end":{"line":121,"column":16}},"121":{"start":{"line":122,"column":0},"end":{"line":122,"column":14}},"122":{"start":{"line":123,"column":0},"end":{"line":123,"column":17}},"123":{"start":{"line":124,"column":0},"end":{"line":124,"column":15}},"124":{"start":{"line":125,"column":0},"end":{"line":125,"column":14}},"125":{"start":{"line":126,"column":0},"end":{"line":126,"column":16}},"126":{"start":{"line":127,"column":0},"end":{"line":127,"column":24}},"127":{"start":{"line":128,"column":0},"end":{"line":128,"column":27}},"128":{"start":{"line":129,"column":0},"end":{"line":129,"column":25}},"129":{"start":{"line":130,"column":0},"end":{"line":130,"column":28}},"130":{"start":{"line":131,"column":0},"end":{"line":131,"column":24}},"132":{"start":{"line":133,"column":0},"end":{"line":133,"column":18}},"133":{"start":{"line":134,"column":0},"end":{"line":134,"column":18}},"134":{"start":{"line":135,"column":0},"end":{"line":135,"column":17}},"136":{"start":{"line":137,"column":0},"end":{"line":137,"column":19}},"137":{"start":{"line":138,"column":0},"end":{"line":138,"column":17}},"138":{"start":{"line":139,"column":0},"end":{"line":139,"column":20}},"139":{"start":{"line":140,"column":0},"end":{"line":140,"column":6}},"140":{"start":{"line":141,"column":0},"end":{"line":141,"column":1}},"142":{"start":{"line":143,"column":0},"end":{"line":143,"column":27}}},"s":{"0":1,"1":1,"3":1,"4":1,"6":1,"7":15,"8":15,"9":15,"10":15,"11":15,"12":15,"13":15,"14":15,"15":15,"17":15,"18":15,"20":15,"21":15,"22":3,"23":3,"24":3,"25":3,"26":15,"28":15,"29":15,"30":2,"31":2,"32":2,"34":2,"35":2,"36":2,"37":2,"38":2,"39":2,"40":2,"42":2,"43":1,"44":1,"45":1,"47":1,"48":1,"49":1,"50":1,"51":1,"52":1,"53":2,"54":2,"55":2,"56":2,"57":15,"59":15,"60":15,"61":1,"62":1,"63":1,"65":1,"66":1,"67":1,"68":1,"69":1,"70":1,"71":1,"73":1,"74":0,"75":0,"77":1,"78":1,"79":1,"80":0,"81":0,"82":1,"83":1,"84":0,"85":0,"86":0,"87":0,"88":1,"89":1,"90":0,"91":0,"92":0,"93":1,"94":1,"95":1,"96":1,"97":15,"99":15,"100":15,"101":3,"103":3,"104":1,"105":3,"106":2,"107":2,"108":15,"110":15,"111":15,"112":1,"113":15,"115":15,"116":15,"117":15,"119":15,"120":15,"121":15,"122":15,"123":15,"124":15,"125":15,"126":15,"127":15,"128":15,"129":15,"130":15,"132":15,"133":15,"134":15,"136":15,"137":15,"138":15,"139":15,"140":15,"142":1},"branchMap":{"0":{"type":"branch","line":7,"loc":{"start":{"line":7,"column":7},"end":{"line":141,"column":1}},"locations":[{"start":{"line":7,"column":7},"end":{"line":141,"column":1}}]},"1":{"type":"branch","line":22,"loc":{"start":{"line":22,"column":23},"end":{"line":27,"column":5}},"locations":[{"start":{"line":22,"column":23},"end":{"line":27,"column":5}}]},"2":{"type":"branch","line":30,"loc":{"start":{"line":30,"column":26},"end":{"line":58,"column":5}},"locations":[{"start":{"line":30,"column":26},"end":{"line":58,"column":5}}]},"3":{"type":"branch","line":43,"loc":{"start":{"line":43,"column":25},"end":{"line":54,"column":9}},"locations":[{"start":{"line":43,"column":25},"end":{"line":54,"column":9}}]},"4":{"type":"branch","line":44,"loc":{"start":{"line":44,"column":75},"end":{"line":44,"column":95}},"locations":[{"start":{"line":44,"column":75},"end":{"line":44,"column":95}}]},"5":{"type":"branch","line":52,"loc":{"start":{"line":52,"column":36},"end":{"line":52,"column":62}},"locations":[{"start":{"line":52,"column":36},"end":{"line":52,"column":62}}]},"6":{"type":"branch","line":61,"loc":{"start":{"line":61,"column":29},"end":{"line":98,"column":5}},"locations":[{"start":{"line":61,"column":29},"end":{"line":98,"column":5}}]},"7":{"type":"branch","line":74,"loc":{"start":{"line":74,"column":25},"end":{"line":76,"column":13}},"locations":[{"start":{"line":74,"column":25},"end":{"line":76,"column":13}}]},"8":{"type":"branch","line":90,"loc":{"start":{"line":90,"column":10},"end":{"line":94,"column":9}},"locations":[{"start":{"line":90,"column":10},"end":{"line":94,"column":9}}]},"9":{"type":"branch","line":101,"loc":{"start":{"line":101,"column":22},"end":{"line":109,"column":5}},"locations":[{"start":{"line":101,"column":22},"end":{"line":109,"column":5}}]},"10":{"type":"branch","line":104,"loc":{"start":{"line":104,"column":29},"end":{"line":106,"column":9}},"locations":[{"start":{"line":104,"column":29},"end":{"line":106,"column":9}}]},"11":{"type":"branch","line":106,"loc":{"start":{"line":106,"column":9},"end":{"line":108,"column":9}},"locations":[{"start":{"line":106,"column":9},"end":{"line":108,"column":9}}]},"12":{"type":"branch","line":112,"loc":{"start":{"line":112,"column":21},"end":{"line":114,"column":5}},"locations":[{"start":{"line":112,"column":21},"end":{"line":114,"column":5}}]},"13":{"type":"branch","line":113,"loc":{"start":{"line":113,"column":29},"end":{"line":113,"column":36}},"locations":[{"start":{"line":113,"column":29},"end":{"line":113,"column":36}}]}},"b":{"0":[15],"1":[3],"2":[2],"3":[1],"4":[0],"5":[0],"6":[1],"7":[0],"8":[0],"9":[3],"10":[1],"11":[2],"12":[1],"13":[0]},"fnMap":{"0":{"name":"useRephrase","decl":{"start":{"line":7,"column":7},"end":{"line":141,"column":1}},"loc":{"start":{"line":7,"column":7},"end":{"line":141,"column":1}},"line":7},"1":{"name":"resetState","decl":{"start":{"line":22,"column":23},"end":{"line":27,"column":5}},"loc":{"start":{"line":22,"column":23},"end":{"line":27,"column":5}},"line":22},"2":{"name":"processNormal","decl":{"start":{"line":30,"column":26},"end":{"line":58,"column":5}},"loc":{"start":{"line":30,"column":26},"end":{"line":58,"column":5}},"line":30},"3":{"name":"processStreaming","decl":{"start":{"line":61,"column":29},"end":{"line":98,"column":5}},"loc":{"start":{"line":61,"column":29},"end":{"line":98,"column":5}},"line":61},"4":{"name":"onProcess","decl":{"start":{"line":101,"column":22},"end":{"line":109,"column":5}},"loc":{"start":{"line":101,"column":22},"end":{"line":109,"column":5}},"line":101},"5":{"name":"onCancel","decl":{"start":{"line":112,"column":21},"end":{"line":114,"column":5}},"loc":{"start":{"line":112,"column":21},"end":{"line":114,"column":5}},"line":112}},"f":{"0":15,"1":3,"2":2,"3":1,"4":3,"5":1}}
,"/home/ericchen/ai-writing-style-assistant/frontend/src/utils/streamingUtils.js": {"path":"/home/ericchen/ai-writing-style-assistant/frontend/src/utils/streamingUtils.js","all":true,"statementMap":{"0":{"start":{"line":1,"column":0},"end":{"line":1,"column":31}},"1":{"start":{"line":2,"column":0},"end":{"line":2,"column":52}},"3":{"start":{"line":4,"column":0},"end":{"line":4,"column":3}},"4":{"start":{"line":5,"column":0},"end":{"line":5,"column":52}},"5":{"start":{"line":6,"column":0},"end":{"line":6,"column":54}},"6":{"start":{"line":7,"column":0},"end":{"line":7,"column":52}},"7":{"start":{"line":8,"column":0},"end":{"line":8,"column":3}},"8":{"start":{"line":9,"column":0},"end":{"line":9,"column":46}},"9":{"start":{"line":10,"column":0},"end":{"line":10,"column":22}},"11":{"start":{"line":12,"column":0},"end":{"line":12,"column":27}},"12":{"start":{"line":13,"column":0},"end":{"line":13,"column":65}},"13":{"start":{"line":14,"column":0},"end":{"line":14,"column":54}},"15":{"start":{"line":16,"column":0},"end":{"line":16,"column":21}},"16":{"start":{"line":17,"column":0},"end":{"line":17,"column":61}},"17":{"start":{"line":18,"column":0},"end":{"line":18,"column":52}},"19":{"start":{"line":20,"column":0},"end":{"line":20,"column":21}},"20":{"start":{"line":21,"column":0},"end":{"line":21,"column":61}},"21":{"start":{"line":22,"column":0},"end":{"line":22,"column":52}},"23":{"start":{"line":24,"column":0},"end":{"line":24,"column":27}},"24":{"start":{"line":25,"column":0},"end":{"line":25,"column":67}},"25":{"start":{"line":26,"column":0},"end":{"line":26,"column":58}},"27":{"start":{"line":28,"column":0},"end":{"line":28,"column":58}},"28":{"start":{"line":29,"column":0},"end":{"line":29,"column":1}},"30":{"start":{"line":31,"column":0},"end":{"line":31,"column":3}},"31":{"start":{"line":32,"column":0},"end":{"line":32,"column":29}},"32":{"start":{"line":33,"column":0},"end":{"line":33,"column":53}},"33":{"start":{"line":34,"column":0},"end":{"line":34,"column":54}},"34":{"start":{"line":35,"column":0},"end":{"line":35,"column":45}},"35":{"start":{"line":36,"column":0},"end":{"line":36,"column":3}},"36":{"start":{"line":37,"column":0},"end":{"line":37,"column":76}},"37":{"start":{"line":38,"column":0},"end":{"line":38,"column":9}},"38":{"start":{"line":39,"column":0},"end":{"line":39,"column":49}},"39":{"start":{"line":40,"column":0},"end":{"line":40,"column":42}},"40":{"start":{"line":41,"column":0},"end":{"line":41,"column":24}},"42":{"start":{"line":43,"column":0},"end":{"line":43,"column":22}},"43":{"start":{"line":44,"column":0},"end":{"line":44,"column":56}},"44":{"start":{"line":45,"column":0},"end":{"line":45,"column":28}},"46":{"start":{"line":47,"column":0},"end":{"line":47,"column":66}},"47":{"start":{"line":48,"column":0},"end":{"line":48,"column":44}},"49":{"start":{"line":50,"column":0},"end":{"line":50,"column":39}},"50":{"start":{"line":51,"column":0},"end":{"line":51,"column":48}},"51":{"start":{"line":52,"column":0},"end":{"line":52,"column":73}},"52":{"start":{"line":53,"column":0},"end":{"line":53,"column":38}},"53":{"start":{"line":54,"column":0},"end":{"line":54,"column":39}},"55":{"start":{"line":56,"column":0},"end":{"line":56,"column":59}},"56":{"start":{"line":57,"column":0},"end":{"line":57,"column":29}},"57":{"start":{"line":58,"column":0},"end":{"line":58,"column":62}},"58":{"start":{"line":59,"column":0},"end":{"line":59,"column":37}},"59":{"start":{"line":60,"column":0},"end":{"line":60,"column":39}},"60":{"start":{"line":61,"column":0},"end":{"line":61,"column":41}},"61":{"start":{"line":62,"column":0},"end":{"line":62,"column":76}},"62":{"start":{"line":63,"column":0},"end":{"line":63,"column":64}},"63":{"start":{"line":64,"column":0},"end":{"line":64,"column":64}},"64":{"start":{"line":65,"column":0},"end":{"line":65,"column":75}},"65":{"start":{"line":66,"column":0},"end":{"line":66,"column":33}},"66":{"start":{"line":67,"column":0},"end":{"line":67,"column":31}},"67":{"start":{"line":68,"column":0},"end":{"line":68,"column":33}},"68":{"start":{"line":69,"column":0},"end":{"line":69,"column":64}},"69":{"start":{"line":70,"column":0},"end":{"line":70,"column":73}},"70":{"start":{"line":71,"column":0},"end":{"line":71,"column":42}},"71":{"start":{"line":72,"column":0},"end":{"line":72,"column":41}},"72":{"start":{"line":73,"column":0},"end":{"line":73,"column":43}},"73":{"start":{"line":74,"column":0},"end":{"line":74,"column":51}},"74":{"start":{"line":75,"column":0},"end":{"line":75,"column":35}},"75":{"start":{"line":76,"column":0},"end":{"line":76,"column":29}},"76":{"start":{"line":77,"column":0},"end":{"line":77,"column":25}},"77":{"start":{"line":78,"column":0},"end":{"line":78,"column":21}},"78":{"start":{"line":79,"column":0},"end":{"line":79,"column":17}},"79":{"start":{"line":80,"column":0},"end":{"line":80,"column":13}},"80":{"start":{"line":81,"column":0},"end":{"line":81,"column":9}},"81":{"start":{"line":82,"column":0},"end":{"line":82,"column":21}},"82":{"start":{"line":83,"column":0},"end":{"line":83,"column":23}},"83":{"start":{"line":84,"column":0},"end":{"line":84,"column":5}},"84":{"start":{"line":85,"column":0},"end":{"line":85,"column":1}},"86":{"start":{"line":87,"column":0},"end":{"line":87,"column":3}},"87":{"start":{"line":88,"column":0},"end":{"line":88,"column":30}},"88":{"start":{"line":89,"column":0},"end":{"line":89,"column":3}},"89":{"start":{"line":90,"column":0},"end":{"line":90,"column":30}},"90":{"start":{"line":91,"column":0},"end":{"line":91,"column":54}},"91":{"start":{"line":92,"column":0},"end":{"line":92,"column":68}},"92":{"start":{"line":93,"column":0},"end":{"line":93,"column":50}},"93":{"start":{"line":94,"column":0},"end":{"line":94,"column":48}},"94":{"start":{"line":95,"column":0},"end":{"line":95,"column":52}},"95":{"start":{"line":96,"column":0},"end":{"line":96,"column":49}},"96":{"start":{"line":97,"column":0},"end":{"line":97,"column":2}},"98":{"start":{"line":99,"column":0},"end":{"line":99,"column":3}},"99":{"start":{"line":100,"column":0},"end":{"line":100,"column":24}},"100":{"start":{"line":101,"column":0},"end":{"line":101,"column":3}},"101":{"start":{"line":102,"column":0},"end":{"line":102,"column":31}},"102":{"start":{"line":103,"column":0},"end":{"line":103,"column":52}},"103":{"start":{"line":104,"column":0},"end":{"line":104,"column":18}},"104":{"start":{"line":105,"column":0},"end":{"line":105,"column":2}}},"s":{"0":0,"1":0,"3":0,"4":0,"5":0,"6":0,"7":0,"8":0,"9":0,"11":0,"12":0,"13":0,"15":0,"16":0,"17":0,"19":0,"20":0,"21":0,"23":0,"24":0,"25":0,"27":0,"28":0,"30":0,"31":0,"32":0,"33":0,"34":0,"35":0,"36":0,"37":0,"38":0,"39":0,"40":0,"42":0,"43":0,"44":0,"46":0,"47":0,"49":0,"50":0,"51":0,"52":0,"53":0,"55":0,"56":0,"57":0,"58":0,"59":0,"60":0,"61":0,"62":0,"63":0,"64":0,"65":0,"66":0,"67":0,"68":0,"69":0,"70":0,"71":0,"72":0,"73":0,"74":0,"75":0,"76":0,"77":0,"78":0,"79":0,"80":0,"81":0,"82":0,"83":0,"84":0,"86":0,"87":0,"88":0,"89":0,"90":0,"91":0,"92":0,"93":0,"94":0,"95":0,"96":0,"98":0,"99":0,"100":0,"101":0,"102":0,"103":0,"104":0},"branchMap":{"0":{"type":"branch","line":1,"loc":{"start":{"line":1,"column":3618},"end":{"line":105,"column":2}},"locations":[{"start":{"line":1,"column":3618},"end":{"line":105,"column":2}}]}},"b":{"0":[0]},"fnMap":{"0":{"name":"(empty-report)","decl":{"start":{"line":1,"column":3618},"end":{"line":105,"column":2}},"loc":{"start":{"line":1,"column":3618},"end":{"line":105,"column":2}},"line":1}},"f":{"0":0}}
}
